2025-11-10 03:45:47,133 - INFO - 脚本启动
2025-11-10 03:45:47,140 - INFO - 大盘数据加载成功，共 3427 行，最新日期: 2025-11-06
2025-11-10 03:45:47,146 - INFO - 大盘指标计算完成
2025-11-10 03:45:47,146 - INFO - 正在解析 result_z.txt 获取推荐基金代码...
2025-11-10 03:45:47,147 - WARNING - 报告文件 result_z.txt 列数不足，尝试作为纯文本文件解析。
2025-11-10 03:45:47,147 - INFO - 成功从纯文本模式提取到 101 个基金代码。
2025-11-10 03:45:47,147 - INFO - 开始预加载本地缓存数据...
2025-11-10 03:45:47,147 - INFO - 当前时间: 2025-11-10 03:45:47, 期望最新数据日期: 2025-11-09
2025-11-10 03:45:47,152 - INFO - 本地已存在基金 001593 数据，共 2506 行，最新日期为: 2025-10-20
2025-11-10 03:45:47,152 - INFO - 基金 001593 本地数据已过时（最新日期为 2025-10-20，期望 2025-11-09），需要从网络获取新数据。
2025-11-10 03:45:47,156 - INFO - 本地已存在基金 001618 数据，共 2490 行，最新日期为: 2025-10-20
2025-11-10 03:45:47,156 - INFO - 基金 001618 本地数据已过时（最新日期为 2025-10-20，期望 2025-11-09），需要从网络获取新数据。
2025-11-10 03:45:47,160 - INFO - 本地已存在基金 002974 数据，共 2263 行，最新日期为: 2025-10-20
2025-11-10 03:45:47,161 - INFO - 基金 002974 本地数据已过时（最新日期为 2025-10-20，期望 2025-11-09），需要从网络获取新数据。
2025-11-10 03:45:47,164 - INFO - 本地已存在基金 004348 数据，共 2107 行，最新日期为: 2025-10-20
2025-11-10 03:45:47,164 - INFO - 基金 004348 本地数据已过时（最新日期为 2025-10-20，期望 2025-11-09），需要从网络获取新数据。
2025-11-10 03:45:47,167 - INFO - 本地已存在基金 004433 数据，共 1961 行，最新日期为: 2025-10-20
2025-11-10 03:45:47,168 - INFO - 基金 004433 本地数据已过时（最新日期为 2025-10-20，期望 2025-11-09），需要从网络获取新数据。
2025-11-10 03:45:47,171 - INFO - 本地已存在基金 004744 数据，共 2042 行，最新日期为: 2025-10-20
2025-11-10 03:45:47,171 - INFO - 基金 004744 本地数据已过时（最新日期为 2025-10-20，期望 2025-11-09），需要从网络获取新数据。
2025-11-10 03:45:47,174 - INFO - 本地已存在基金 005627 数据，共 906 行，最新日期为: 2025-10-20
2025-11-10 03:45:47,174 - INFO - 基金 005627 本地数据已过时（最新日期为 2025-10-20，期望 2025-11-09），需要从网络获取新数据。
2025-11-10 03:45:47,177 - INFO - 本地已存在基金 005727 数据，共 1855 行，最新日期为: 2025-10-20
2025-11-10 03:45:47,177 - INFO - 基金 005727 本地数据已过时（最新日期为 2025-10-20，期望 2025-11-09），需要从网络获取新数据。
2025-11-10 03:45:47,181 - INFO - 本地已存在基金 005795 数据，共 1836 行，最新日期为: 2025-10-20
2025-11-10 03:45:47,181 - INFO - 基金 005795 本地数据已过时（最新日期为 2025-10-20，期望 2025-11-09），需要从网络获取新数据。
2025-11-10 03:45:47,184 - INFO - 本地已存在基金 005919 数据，共 1823 行，最新日期为: 2025-10-20
2025-11-10 03:45:47,184 - INFO - 基金 005919 本地数据已过时（最新日期为 2025-10-20，期望 2025-11-09），需要从网络获取新数据。
2025-11-10 03:45:47,188 - INFO - 本地已存在基金 006215 数据，共 1729 行，最新日期为: 2025-10-20
2025-11-10 03:45:47,188 - INFO - 基金 006215 本地数据已过时（最新日期为 2025-10-20，期望 2025-11-09），需要从网络获取新数据。
2025-11-10 03:45:47,191 - INFO - 本地已存在基金 006382 数据，共 1719 行，最新日期为: 2025-10-20
2025-11-10 03:45:47,191 - INFO - 基金 006382 本地数据已过时（最新日期为 2025-10-20，期望 2025-11-09），需要从网络获取新数据。
2025-11-10 03:45:47,194 - INFO - 本地已存在基金 006910 数据，共 1527 行，最新日期为: 2025-10-20
2025-11-10 03:45:47,194 - INFO - 基金 006910 本地数据已过时（最新日期为 2025-10-20，期望 2025-11-09），需要从网络获取新数据。
2025-11-10 03:45:47,197 - INFO - 本地已存在基金 006938 数据，共 1637 行，最新日期为: 2025-10-20
2025-11-10 03:45:47,197 - INFO - 基金 006938 本地数据已过时（最新日期为 2025-10-20，期望 2025-11-09），需要从网络获取新数据。
2025-11-10 03:45:47,200 - INFO - 本地已存在基金 007029 数据，共 1598 行，最新日期为: 2025-10-20
2025-11-10 03:45:47,201 - INFO - 基金 007029 本地数据已过时（最新日期为 2025-10-20，期望 2025-11-09），需要从网络获取新数据。
2025-11-10 03:45:47,203 - INFO - 本地已存在基金 007223 数据，共 1379 行，最新日期为: 2025-10-20
2025-11-10 03:45:47,204 - INFO - 基金 007223 本地数据已过时（最新日期为 2025-10-20，期望 2025-11-09），需要从网络获取新数据。
2025-11-10 03:45:47,206 - INFO - 本地已存在基金 007301 数据，共 1536 行，最新日期为: 2025-10-20
2025-11-10 03:45:47,207 - INFO - 基金 007301 本地数据已过时（最新日期为 2025-10-20，期望 2025-11-09），需要从网络获取新数据。
2025-11-10 03:45:47,209 - INFO - 本地已存在基金 007413 数据，共 1569 行，最新日期为: 2025-10-20
2025-11-10 03:45:47,210 - INFO - 基金 007413 本地数据已过时（最新日期为 2025-10-20，期望 2025-11-09），需要从网络获取新数据。
2025-11-10 03:45:47,213 - INFO - 本地已存在基金 007665 数据，共 1479 行，最新日期为: 2025-10-20
2025-11-10 03:45:47,213 - INFO - 基金 007665 本地数据已过时（最新日期为 2025-10-20，期望 2025-11-09），需要从网络获取新数据。
2025-11-10 03:45:47,216 - INFO - 本地已存在基金 007794 数据，共 1504 行，最新日期为: 2025-10-20
2025-11-10 03:45:47,216 - INFO - 基金 007794 本地数据已过时（最新日期为 2025-10-20，期望 2025-11-09），需要从网络获取新数据。
2025-11-10 03:45:47,219 - INFO - 本地已存在基金 007816 数据，共 1416 行，最新日期为: 2025-10-20
2025-11-10 03:45:47,219 - INFO - 基金 007816 本地数据已过时（最新日期为 2025-10-20，期望 2025-11-09），需要从网络获取新数据。
2025-11-10 03:45:47,222 - INFO - 本地已存在基金 007874 数据，共 1488 行，最新日期为: 2025-10-20
2025-11-10 03:45:47,222 - INFO - 基金 007874 本地数据已过时（最新日期为 2025-10-20，期望 2025-11-09），需要从网络获取新数据。
2025-11-10 03:45:47,225 - INFO - 本地已存在基金 007984 数据，共 1413 行，最新日期为: 2025-10-20
2025-11-10 03:45:47,225 - INFO - 基金 007984 本地数据已过时（最新日期为 2025-10-20，期望 2025-11-09），需要从网络获取新数据。
2025-11-10 03:45:47,227 - INFO - 本地已存在基金 008001 数据，共 1381 行，最新日期为: 2025-10-20
2025-11-10 03:45:47,228 - INFO - 基金 008001 本地数据已过时（最新日期为 2025-10-20，期望 2025-11-09），需要从网络获取新数据。
2025-11-10 03:45:47,230 - INFO - 本地已存在基金 008327 数据，共 1392 行，最新日期为: 2025-10-20
2025-11-10 03:45:47,231 - INFO - 基金 008327 本地数据已过时（最新日期为 2025-10-20，期望 2025-11-09），需要从网络获取新数据。
2025-11-10 03:45:47,233 - INFO - 本地已存在基金 008400 数据，共 1358 行，最新日期为: 2025-10-20
2025-11-10 03:45:47,234 - INFO - 基金 008400 本地数据已过时（最新日期为 2025-10-20，期望 2025-11-09），需要从网络获取新数据。
2025-11-10 03:45:47,236 - INFO - 本地已存在基金 008888 数据，共 1306 行，最新日期为: 2025-10-20
2025-11-10 03:45:47,237 - INFO - 基金 008888 本地数据已过时（最新日期为 2025-10-20，期望 2025-11-09），需要从网络获取新数据。
2025-11-10 03:45:47,239 - INFO - 本地已存在基金 008987 数据，共 1247 行，最新日期为: 2025-10-20
2025-11-10 03:45:47,240 - INFO - 基金 008987 本地数据已过时（最新日期为 2025-10-20，期望 2025-11-09），需要从网络获取新数据。
2025-11-10 03:45:47,242 - INFO - 本地已存在基金 009239 数据，共 1348 行，最新日期为: 2025-10-20
2025-11-10 03:45:47,243 - INFO - 基金 009239 本地数据已过时（最新日期为 2025-10-20，期望 2025-11-09），需要从网络获取新数据。
2025-11-10 03:45:47,245 - INFO - 本地已存在基金 010063 数据，共 1162 行，最新日期为: 2025-10-20
2025-11-10 03:45:47,245 - INFO - 基金 010063 本地数据已过时（最新日期为 2025-10-20，期望 2025-11-09），需要从网络获取新数据。
2025-11-10 03:45:47,248 - INFO - 本地已存在基金 010356 数据，共 1210 行，最新日期为: 2025-10-20
2025-11-10 03:45:47,248 - INFO - 基金 010356 本地数据已过时（最新日期为 2025-10-20，期望 2025-11-09），需要从网络获取新数据。
2025-11-10 03:45:47,251 - INFO - 本地已存在基金 010524 数据，共 1163 行，最新日期为: 2025-10-20
2025-11-10 03:45:47,251 - INFO - 基金 010524 本地数据已过时（最新日期为 2025-10-20，期望 2025-11-09），需要从网络获取新数据。
2025-11-10 03:45:47,254 - INFO - 本地已存在基金 010531 数据，共 1200 行，最新日期为: 2025-10-20
2025-11-10 03:45:47,254 - INFO - 基金 010531 本地数据已过时（最新日期为 2025-10-20，期望 2025-11-09），需要从网络获取新数据。
2025-11-10 03:45:47,257 - INFO - 本地已存在基金 010956 数据，共 1149 行，最新日期为: 2025-10-20
2025-11-10 03:45:47,257 - INFO - 基金 010956 本地数据已过时（最新日期为 2025-10-20，期望 2025-11-09），需要从网络获取新数据。
2025-11-10 03:45:47,260 - INFO - 本地已存在基金 011036 数据，共 1020 行，最新日期为: 2025-10-20
2025-11-10 03:45:47,260 - INFO - 基金 011036 本地数据已过时（最新日期为 2025-10-20，期望 2025-11-09），需要从网络获取新数据。
2025-11-10 03:45:47,263 - INFO - 本地已存在基金 011317 数据，共 1070 行，最新日期为: 2025-10-20
2025-11-10 03:45:47,263 - INFO - 基金 011317 本地数据已过时（最新日期为 2025-10-20，期望 2025-11-09），需要从网络获取新数据。
2025-11-10 03:45:47,265 - INFO - 本地已存在基金 011609 数据，共 1098 行，最新日期为: 2025-10-20
2025-11-10 03:45:47,266 - INFO - 基金 011609 本地数据已过时（最新日期为 2025-10-20，期望 2025-11-09），需要从网络获取新数据。
2025-11-10 03:45:47,268 - INFO - 本地已存在基金 011611 数据，共 1106 行，最新日期为: 2025-10-20
2025-11-10 03:45:47,269 - INFO - 基金 011611 本地数据已过时（最新日期为 2025-10-20，期望 2025-11-09），需要从网络获取新数据。
2025-11-10 03:45:47,271 - INFO - 本地已存在基金 011613 数据，共 1102 行，最新日期为: 2025-10-20
2025-11-10 03:45:47,271 - INFO - 基金 011613 本地数据已过时（最新日期为 2025-10-20，期望 2025-11-09），需要从网络获取新数据。
2025-11-10 03:45:47,274 - INFO - 本地已存在基金 011833 数据，共 1059 行，最新日期为: 2025-10-20
2025-11-10 03:45:47,274 - INFO - 基金 011833 本地数据已过时（最新日期为 2025-10-20，期望 2025-11-09），需要从网络获取新数据。
2025-11-10 03:45:47,277 - INFO - 本地已存在基金 011840 数据，共 1010 行，最新日期为: 2025-10-20
2025-11-10 03:45:47,277 - INFO - 基金 011840 本地数据已过时（最新日期为 2025-10-20，期望 2025-11-09），需要从网络获取新数据。
2025-11-10 03:45:47,279 - INFO - 本地已存在基金 011965 数据，共 775 行，最新日期为: 2025-10-20
2025-11-10 03:45:47,280 - INFO - 基金 011965 本地数据已过时（最新日期为 2025-10-20，期望 2025-11-09），需要从网络获取新数据。
2025-11-10 03:45:47,282 - INFO - 本地已存在基金 012040 数据，共 1097 行，最新日期为: 2025-10-20
2025-11-10 03:45:47,282 - INFO - 基金 012040 本地数据已过时（最新日期为 2025-10-20，期望 2025-11-09），需要从网络获取新数据。
2025-11-10 03:45:47,285 - INFO - 本地已存在基金 012551 数据，共 1030 行，最新日期为: 2025-10-20
2025-11-10 03:45:47,285 - INFO - 基金 012551 本地数据已过时（最新日期为 2025-10-20，期望 2025-11-09），需要从网络获取新数据。
2025-11-10 03:45:47,288 - INFO - 本地已存在基金 012553 数据，共 1014 行，最新日期为: 2025-10-20
2025-11-10 03:45:47,288 - INFO - 基金 012553 本地数据已过时（最新日期为 2025-10-20，期望 2025-11-09），需要从网络获取新数据。
2025-11-10 03:45:47,291 - INFO - 本地已存在基金 012555 数据，共 926 行，最新日期为: 2025-10-20
2025-11-10 03:45:47,291 - INFO - 基金 012555 本地数据已过时（最新日期为 2025-10-20，期望 2025-11-09），需要从网络获取新数据。
2025-11-10 03:45:47,294 - INFO - 本地已存在基金 012630 数据，共 1015 行，最新日期为: 2025-10-20
2025-11-10 03:45:47,294 - INFO - 基金 012630 本地数据已过时（最新日期为 2025-10-20，期望 2025-11-09），需要从网络获取新数据。
2025-11-10 03:45:47,296 - INFO - 本地已存在基金 012718 数据，共 889 行，最新日期为: 2025-10-20
2025-11-10 03:45:47,297 - INFO - 基金 012718 本地数据已过时（最新日期为 2025-10-20，期望 2025-11-09），需要从网络获取新数据。
2025-11-10 03:45:47,299 - INFO - 本地已存在基金 012734 数据，共 879 行，最新日期为: 2025-10-20
2025-11-10 03:45:47,299 - INFO - 基金 012734 本地数据已过时（最新日期为 2025-10-20，期望 2025-11-09），需要从网络获取新数据。
2025-11-10 03:45:47,302 - INFO - 本地已存在基金 012808 数据，共 1033 行，最新日期为: 2025-10-20
2025-11-10 03:45:47,302 - INFO - 基金 012808 本地数据已过时（最新日期为 2025-10-20，期望 2025-11-09），需要从网络获取新数据。
2025-11-10 03:45:47,305 - INFO - 本地已存在基金 012809 数据，共 939 行，最新日期为: 2025-10-20
2025-11-10 03:45:47,305 - INFO - 基金 012809 本地数据已过时（最新日期为 2025-10-20，期望 2025-11-09），需要从网络获取新数据。
2025-11-10 03:45:47,308 - INFO - 本地已存在基金 012838 数据，共 1020 行，最新日期为: 2025-10-20
2025-11-10 03:45:47,308 - INFO - 基金 012838 本地数据已过时（最新日期为 2025-10-20，期望 2025-11-09），需要从网络获取新数据。
2025-11-10 03:45:47,310 - INFO - 本地已存在基金 012899 数据，共 1016 行，最新日期为: 2025-10-20
2025-11-10 03:45:47,311 - INFO - 基金 012899 本地数据已过时（最新日期为 2025-10-20，期望 2025-11-09），需要从网络获取新数据。
2025-11-10 03:45:47,313 - INFO - 本地已存在基金 012901 数据，共 951 行，最新日期为: 2025-10-20
2025-11-10 03:45:47,313 - INFO - 基金 012901 本地数据已过时（最新日期为 2025-10-20，期望 2025-11-09），需要从网络获取新数据。
2025-11-10 03:45:47,316 - INFO - 本地已存在基金 012908 数据，共 1020 行，最新日期为: 2025-10-20
2025-11-10 03:45:47,316 - INFO - 基金 012908 本地数据已过时（最新日期为 2025-10-20，期望 2025-11-09），需要从网络获取新数据。
2025-11-10 03:45:47,319 - INFO - 本地已存在基金 012970 数据，共 1006 行，最新日期为: 2025-10-20
2025-11-10 03:45:47,319 - INFO - 基金 012970 本地数据已过时（最新日期为 2025-10-20，期望 2025-11-09），需要从网络获取新数据。
2025-11-10 03:45:47,322 - INFO - 本地已存在基金 013081 数据，共 1005 行，最新日期为: 2025-10-20
2025-11-10 03:45:47,322 - INFO - 基金 013081 本地数据已过时（最新日期为 2025-10-20，期望 2025-11-09），需要从网络获取新数据。
2025-11-10 03:45:47,324 - INFO - 本地已存在基金 013084 数据，共 1005 行，最新日期为: 2025-10-20
2025-11-10 03:45:47,325 - INFO - 基金 013084 本地数据已过时（最新日期为 2025-10-20，期望 2025-11-09），需要从网络获取新数据。
2025-11-10 03:45:47,327 - INFO - 本地已存在基金 013122 数据，共 1005 行，最新日期为: 2025-10-20
2025-11-10 03:45:47,327 - INFO - 基金 013122 本地数据已过时（最新日期为 2025-10-20，期望 2025-11-09），需要从网络获取新数据。
2025-11-10 03:45:47,330 - INFO - 本地已存在基金 013277 数据，共 1012 行，最新日期为: 2025-10-20
2025-11-10 03:45:47,330 - INFO - 基金 013277 本地数据已过时（最新日期为 2025-10-20，期望 2025-11-09），需要从网络获取新数据。
2025-11-10 03:45:47,333 - INFO - 本地已存在基金 013278 数据，共 1012 行，最新日期为: 2025-10-20
2025-11-10 03:45:47,333 - INFO - 基金 013278 本地数据已过时（最新日期为 2025-10-20，期望 2025-11-09），需要从网络获取新数据。
2025-11-10 03:45:47,336 - INFO - 本地已存在基金 013292 数据，共 1007 行，最新日期为: 2025-10-20
2025-11-10 03:45:47,336 - INFO - 基金 013292 本地数据已过时（最新日期为 2025-10-20，期望 2025-11-09），需要从网络获取新数据。
2025-11-10 03:45:47,339 - INFO - 本地已存在基金 013299 数据，共 995 行，最新日期为: 2025-10-20
2025-11-10 03:45:47,339 - INFO - 基金 013299 本地数据已过时（最新日期为 2025-10-20，期望 2025-11-09），需要从网络获取新数据。
2025-11-10 03:45:47,341 - INFO - 本地已存在基金 013303 数据，共 1004 行，最新日期为: 2025-10-20
2025-11-10 03:45:47,342 - INFO - 基金 013303 本地数据已过时（最新日期为 2025-10-20，期望 2025-11-09），需要从网络获取新数据。
2025-11-10 03:45:47,344 - INFO - 本地已存在基金 013305 数据，共 1001 行，最新日期为: 2025-10-20
2025-11-10 03:45:47,344 - INFO - 基金 013305 本地数据已过时（最新日期为 2025-10-20，期望 2025-11-09），需要从网络获取新数据。
2025-11-10 03:45:47,347 - INFO - 本地已存在基金 013316 数据，共 1005 行，最新日期为: 2025-10-20
2025-11-10 03:45:47,347 - INFO - 基金 013316 本地数据已过时（最新日期为 2025-10-20，期望 2025-11-09），需要从网络获取新数据。
2025-11-10 03:45:47,350 - INFO - 本地已存在基金 013318 数据，共 998 行，最新日期为: 2025-10-20
2025-11-10 03:45:47,350 - INFO - 基金 013318 本地数据已过时（最新日期为 2025-10-20，期望 2025-11-09），需要从网络获取新数据。
2025-11-10 03:45:47,353 - INFO - 本地已存在基金 013331 数据，共 1010 行，最新日期为: 2025-10-20
2025-11-10 03:45:47,353 - INFO - 基金 013331 本地数据已过时（最新日期为 2025-10-20，期望 2025-11-09），需要从网络获取新数据。
2025-11-10 03:45:47,356 - INFO - 本地已存在基金 013811 数据，共 971 行，最新日期为: 2025-10-20
2025-11-10 03:45:47,356 - INFO - 基金 013811 本地数据已过时（最新日期为 2025-10-20，期望 2025-11-09），需要从网络获取新数据。
2025-11-10 03:45:47,358 - INFO - 本地已存在基金 013894 数据，共 814 行，最新日期为: 2025-10-20
2025-11-10 03:45:47,358 - INFO - 基金 013894 本地数据已过时（最新日期为 2025-10-20，期望 2025-11-09），需要从网络获取新数据。
2025-11-10 03:45:47,361 - INFO - 本地已存在基金 014130 数据，共 944 行，最新日期为: 2025-10-20
2025-11-10 03:45:47,361 - INFO - 基金 014130 本地数据已过时（最新日期为 2025-10-20，期望 2025-11-09），需要从网络获取新数据。
2025-11-10 03:45:47,364 - INFO - 本地已存在基金 014172 数据，共 939 行，最新日期为: 2025-10-20
2025-11-10 03:45:47,364 - INFO - 基金 014172 本地数据已过时（最新日期为 2025-10-20，期望 2025-11-09），需要从网络获取新数据。
2025-11-10 03:45:47,366 - INFO - 本地已存在基金 014173 数据，共 942 行，最新日期为: 2025-10-20
2025-11-10 03:45:47,367 - INFO - 基金 014173 本地数据已过时（最新日期为 2025-10-20，期望 2025-11-09），需要从网络获取新数据。
2025-11-10 03:45:47,369 - INFO - 本地已存在基金 014194 数据，共 937 行，最新日期为: 2025-10-20
2025-11-10 03:45:47,369 - INFO - 基金 014194 本地数据已过时（最新日期为 2025-10-20，期望 2025-11-09），需要从网络获取新数据。
2025-11-10 03:45:47,372 - INFO - 本地已存在基金 014219 数据，共 862 行，最新日期为: 2025-10-20
2025-11-10 03:45:47,372 - INFO - 基金 014219 本地数据已过时（最新日期为 2025-10-20，期望 2025-11-09），需要从网络获取新数据。
2025-11-10 03:45:47,375 - INFO - 本地已存在基金 014332 数据，共 932 行，最新日期为: 2025-10-20
2025-11-10 03:45:47,375 - INFO - 基金 014332 本地数据已过时（最新日期为 2025-10-20，期望 2025-11-09），需要从网络获取新数据。
2025-11-10 03:45:47,378 - INFO - 本地已存在基金 014345 数据，共 915 行，最新日期为: 2025-10-20
2025-11-10 03:45:47,378 - INFO - 基金 014345 本地数据已过时（最新日期为 2025-10-20，期望 2025-11-09），需要从网络获取新数据。
2025-11-10 03:45:47,380 - INFO - 本地已存在基金 014419 数据，共 925 行，最新日期为: 2025-10-20
2025-11-10 03:45:47,381 - INFO - 基金 014419 本地数据已过时（最新日期为 2025-10-20，期望 2025-11-09），需要从网络获取新数据。
2025-11-10 03:45:47,383 - INFO - 本地已存在基金 014544 数据，共 915 行，最新日期为: 2025-10-20
2025-11-10 03:45:47,384 - INFO - 基金 014544 本地数据已过时（最新日期为 2025-10-20，期望 2025-11-09），需要从网络获取新数据。
2025-11-10 03:45:47,386 - INFO - 本地已存在基金 014662 数据，共 880 行，最新日期为: 2025-10-20
2025-11-10 03:45:47,386 - INFO - 基金 014662 本地数据已过时（最新日期为 2025-10-20，期望 2025-11-09），需要从网络获取新数据。
2025-11-10 03:45:47,389 - INFO - 本地已存在基金 014777 数据，共 904 行，最新日期为: 2025-10-20
2025-11-10 03:45:47,389 - INFO - 基金 014777 本地数据已过时（最新日期为 2025-10-20，期望 2025-11-09），需要从网络获取新数据。
2025-11-10 03:45:47,392 - INFO - 本地已存在基金 014855 数据，共 840 行，最新日期为: 2025-10-20
2025-11-10 03:45:47,392 - INFO - 基金 014855 本地数据已过时（最新日期为 2025-10-20，期望 2025-11-09），需要从网络获取新数据。
2025-11-10 03:45:47,395 - INFO - 本地已存在基金 014985 数据，共 890 行，最新日期为: 2025-10-20
2025-11-10 03:45:47,395 - INFO - 基金 014985 本地数据已过时（最新日期为 2025-10-20，期望 2025-11-09），需要从网络获取新数据。
2025-11-10 03:45:47,397 - INFO - 本地已存在基金 015337 数据，共 867 行，最新日期为: 2025-10-20
2025-11-10 03:45:47,398 - INFO - 基金 015337 本地数据已过时（最新日期为 2025-10-20，期望 2025-11-09），需要从网络获取新数据。
2025-11-10 03:45:47,400 - INFO - 本地已存在基金 015454 数据，共 839 行，最新日期为: 2025-10-20
2025-11-10 03:45:47,400 - INFO - 基金 015454 本地数据已过时（最新日期为 2025-10-20，期望 2025-11-09），需要从网络获取新数据。
2025-11-10 03:45:47,403 - INFO - 本地已存在基金 015508 数据，共 813 行，最新日期为: 2025-10-20
2025-11-10 03:45:47,403 - INFO - 基金 015508 本地数据已过时（最新日期为 2025-10-20，期望 2025-11-09），需要从网络获取新数据。
2025-11-10 03:45:47,406 - INFO - 本地已存在基金 015577 数据，共 837 行，最新日期为: 2025-10-20
2025-11-10 03:45:47,406 - INFO - 基金 015577 本地数据已过时（最新日期为 2025-10-20，期望 2025-11-09），需要从网络获取新数据。
2025-11-10 03:45:47,409 - INFO - 本地已存在基金 015596 数据，共 835 行，最新日期为: 2025-10-20
2025-11-10 03:45:47,409 - INFO - 基金 015596 本地数据已过时（最新日期为 2025-10-20，期望 2025-11-09），需要从网络获取新数据。
2025-11-10 03:45:47,411 - INFO - 本地已存在基金 015600 数据，共 832 行，最新日期为: 2025-10-20
2025-11-10 03:45:47,412 - INFO - 基金 015600 本地数据已过时（最新日期为 2025-10-20，期望 2025-11-09），需要从网络获取新数据。
2025-11-10 03:45:47,414 - INFO - 本地已存在基金 015673 数据，共 840 行，最新日期为: 2025-10-20
2025-11-10 03:45:47,414 - INFO - 基金 015673 本地数据已过时（最新日期为 2025-10-20，期望 2025-11-09），需要从网络获取新数据。
2025-11-10 03:45:47,417 - INFO - 本地已存在基金 015676 数据，共 840 行，最新日期为: 2025-10-20
2025-11-10 03:45:47,417 - INFO - 基金 015676 本地数据已过时（最新日期为 2025-10-20，期望 2025-11-09），需要从网络获取新数据。
2025-11-10 03:45:47,420 - INFO - 本地已存在基金 015677 数据，共 832 行，最新日期为: 2025-10-20
2025-11-10 03:45:47,420 - INFO - 基金 015677 本地数据已过时（最新日期为 2025-10-20，期望 2025-11-09），需要从网络获取新数据。
2025-11-10 03:45:47,422 - INFO - 本地已存在基金 015788 数据，共 738 行，最新日期为: 2025-10-20
2025-11-10 03:45:47,422 - INFO - 基金 015788 本地数据已过时（最新日期为 2025-10-20，期望 2025-11-09），需要从网络获取新数据。
2025-11-10 03:45:47,425 - INFO - 本地已存在基金 015795 数据，共 761 行，最新日期为: 2025-10-20
2025-11-10 03:45:47,425 - INFO - 基金 015795 本地数据已过时（最新日期为 2025-10-20，期望 2025-11-09），需要从网络获取新数据。
2025-11-10 03:45:47,428 - INFO - 本地已存在基金 015877 数据，共 807 行，最新日期为: 2025-10-20
2025-11-10 03:45:47,428 - INFO - 基金 015877 本地数据已过时（最新日期为 2025-10-20，期望 2025-11-09），需要从网络获取新数据。
2025-11-10 03:45:47,430 - INFO - 本地已存在基金 015895 数据，共 784 行，最新日期为: 2025-10-20
2025-11-10 03:45:47,430 - INFO - 基金 015895 本地数据已过时（最新日期为 2025-10-20，期望 2025-11-09），需要从网络获取新数据。
2025-11-10 03:45:47,433 - INFO - 本地已存在基金 016123 数据，共 759 行，最新日期为: 2025-10-20
2025-11-10 03:45:47,433 - INFO - 基金 016123 本地数据已过时（最新日期为 2025-10-20，期望 2025-11-09），需要从网络获取新数据。
2025-11-10 03:45:47,436 - INFO - 本地已存在基金 016277 数据，共 759 行，最新日期为: 2025-11-07
2025-11-10 03:45:47,436 - INFO - 基金 016277 本地数据已过时（最新日期为 2025-11-07，期望 2025-11-09），需要从网络获取新数据。
2025-11-10 03:45:47,439 - INFO - 本地已存在基金 070039 数据，共 1723 行，最新日期为: 2025-10-20
2025-11-10 03:45:47,439 - INFO - 基金 070039 本地数据已过时（最新日期为 2025-10-20，期望 2025-11-09），需要从网络获取新数据。
2025-11-10 03:45:47,442 - INFO - 本地已存在基金 160424 数据，共 1561 行，最新日期为: 2025-10-20
2025-11-10 03:45:47,442 - INFO - 基金 160424 本地数据已过时（最新日期为 2025-10-20，期望 2025-11-09），需要从网络获取新数据。
2025-11-10 03:45:47,446 - INFO - 本地已存在基金 501037 数据，共 1967 行，最新日期为: 2025-10-20
2025-11-10 03:45:47,446 - INFO - 基金 501037 本地数据已过时（最新日期为 2025-10-20，期望 2025-11-09），需要从网络获取新数据。
2025-11-10 03:45:47,446 - INFO - 开始使用多线程获取 101 个基金的新数据...
2025-11-10 03:45:47,475 - INFO - 本地已存在基金 004348 数据，共 2107 行，最新日期为: 2025-10-20
2025-11-10 03:45:47,476 - INFO - 正在获取基金 004348 的第 1 页数据...
2025-11-10 03:45:47,477 - INFO - 本地已存在基金 004433 数据，共 1961 行，最新日期为: 2025-10-20
2025-11-10 03:45:47,477 - INFO - 正在获取基金 004433 的第 1 页数据...
2025-11-10 03:45:47,478 - INFO - 本地已存在基金 001593 数据，共 2506 行，最新日期为: 2025-10-20
2025-11-10 03:45:47,478 - INFO - 正在获取基金 001593 的第 1 页数据...
2025-11-10 03:45:47,480 - INFO - 本地已存在基金 001618 数据，共 2490 行，最新日期为: 2025-10-20
2025-11-10 03:45:47,481 - INFO - 正在获取基金 001618 的第 1 页数据...
2025-11-10 03:45:47,481 - INFO - 本地已存在基金 002974 数据，共 2263 行，最新日期为: 2025-10-20
2025-11-10 03:45:47,481 - INFO - 正在获取基金 002974 的第 1 页数据...
2025-11-10 03:45:48,229 - INFO - 第 1 页: 发现 14 行新数据
2025-11-10 03:45:48,229 - INFO - 基金 001593 总页数: 126, 当前页: 1, 当前页行数: 20
2025-11-10 03:45:48,229 - INFO - 基金 001593 已追溯到本地数据，增量爬取结束。
2025-11-10 03:45:48,239 - INFO - 基金 001593 数据已成功保存到本地文件: fund_data/001593.csv
2025-11-10 03:45:48,248 - INFO - 本地已存在基金 004744 数据，共 2042 行，最新日期为: 2025-10-20
2025-11-10 03:45:48,248 - INFO - 正在获取基金 004744 的第 1 页数据...
2025-11-10 03:45:48,311 - INFO - 第 1 页: 发现 14 行新数据
2025-11-10 03:45:48,311 - INFO - 基金 004348 总页数: 107, 当前页: 1, 当前页行数: 20
2025-11-10 03:45:48,311 - INFO - 基金 004348 已追溯到本地数据，增量爬取结束。
2025-11-10 03:45:48,317 - INFO - 第 1 页: 发现 14 行新数据
2025-11-10 03:45:48,318 - INFO - 基金 001618 总页数: 126, 当前页: 1, 当前页行数: 20
2025-11-10 03:45:48,318 - INFO - 基金 001618 已追溯到本地数据，增量爬取结束。
2025-11-10 03:45:48,331 - INFO - 基金 004348 数据已成功保存到本地文件: fund_data/004348.csv
2025-11-10 03:45:48,338 - INFO - 基金 001618 数据已成功保存到本地文件: fund_data/001618.csv
2025-11-10 03:45:48,348 - INFO - 本地已存在基金 005627 数据，共 906 行，最新日期为: 2025-10-20
2025-11-10 03:45:48,349 - INFO - 正在获取基金 005627 的第 1 页数据...
2025-11-10 03:45:48,353 - INFO - 本地已存在基金 005727 数据，共 1855 行，最新日期为: 2025-10-20
2025-11-10 03:45:48,353 - INFO - 正在获取基金 005727 的第 1 页数据...
2025-11-10 03:45:48,360 - INFO - 第 1 页: 发现 14 行新数据
2025-11-10 03:45:48,360 - INFO - 基金 004433 总页数: 99, 当前页: 1, 当前页行数: 20
2025-11-10 03:45:48,361 - INFO - 基金 004433 已追溯到本地数据，增量爬取结束。
2025-11-10 03:45:48,374 - INFO - 基金 004433 数据已成功保存到本地文件: fund_data/004433.csv
2025-11-10 03:45:48,381 - INFO - 第 1 页: 发现 14 行新数据
2025-11-10 03:45:48,382 - INFO - 基金 002974 总页数: 114, 当前页: 1, 当前页行数: 20
2025-11-10 03:45:48,382 - INFO - 基金 002974 已追溯到本地数据，增量爬取结束。
2025-11-10 03:45:48,387 - INFO - 本地已存在基金 005795 数据，共 1836 行，最新日期为: 2025-10-20
2025-11-10 03:45:48,387 - INFO - 正在获取基金 005795 的第 1 页数据...
2025-11-10 03:45:48,395 - INFO - 基金 002974 数据已成功保存到本地文件: fund_data/002974.csv
2025-11-10 03:45:48,403 - INFO - 本地已存在基金 005919 数据，共 1823 行，最新日期为: 2025-10-20
2025-11-10 03:45:48,403 - INFO - 正在获取基金 005919 的第 1 页数据...
2025-11-10 03:45:48,708 - INFO - 第 1 页: 发现 14 行新数据
2025-11-10 03:45:48,708 - INFO - 基金 004744 总页数: 103, 当前页: 1, 当前页行数: 20
2025-11-10 03:45:48,708 - INFO - 基金 004744 已追溯到本地数据，增量爬取结束。
2025-11-10 03:45:48,716 - INFO - 基金 004744 数据已成功保存到本地文件: fund_data/004744.csv
2025-11-10 03:45:48,724 - INFO - 本地已存在基金 006215 数据，共 1729 行，最新日期为: 2025-10-20
2025-11-10 03:45:48,725 - INFO - 正在获取基金 006215 的第 1 页数据...
2025-11-10 03:45:48,867 - INFO - 第 1 页: 发现 14 行新数据
2025-11-10 03:45:48,868 - INFO - 基金 005795 总页数: 93, 当前页: 1, 当前页行数: 20
2025-11-10 03:45:48,869 - INFO - 基金 005795 已追溯到本地数据，增量爬取结束。
2025-11-10 03:45:48,880 - INFO - 基金 005795 数据已成功保存到本地文件: fund_data/005795.csv
2025-11-10 03:45:48,892 - INFO - 本地已存在基金 006382 数据，共 1719 行，最新日期为: 2025-10-20
2025-11-10 03:45:48,893 - INFO - 正在获取基金 006382 的第 1 页数据...
2025-11-10 03:45:48,899 - INFO - 第 1 页: 发现 14 行新数据
2025-11-10 03:45:48,899 - INFO - 基金 005627 总页数: 46, 当前页: 1, 当前页行数: 20
2025-11-10 03:45:48,899 - INFO - 基金 005627 已追溯到本地数据，增量爬取结束。
2025-11-10 03:45:48,906 - INFO - 基金 005627 数据已成功保存到本地文件: fund_data/005627.csv
2025-11-10 03:45:48,915 - INFO - 本地已存在基金 006910 数据，共 1527 行，最新日期为: 2025-10-20
2025-11-10 03:45:48,916 - INFO - 正在获取基金 006910 的第 1 页数据...
2025-11-10 03:45:48,923 - INFO - 第 1 页: 发现 14 行新数据
2025-11-10 03:45:48,923 - INFO - 基金 005727 总页数: 94, 当前页: 1, 当前页行数: 20
2025-11-10 03:45:48,923 - INFO - 基金 005727 已追溯到本地数据，增量爬取结束。
2025-11-10 03:45:48,929 - INFO - 第 1 页: 发现 14 行新数据
2025-11-10 03:45:48,929 - INFO - 基金 005919 总页数: 92, 当前页: 1, 当前页行数: 20
2025-11-10 03:45:48,929 - INFO - 基金 005919 已追溯到本地数据，增量爬取结束。
2025-11-10 03:45:48,944 - INFO - 基金 005919 数据已成功保存到本地文件: fund_data/005919.csv
2025-11-10 03:45:48,950 - INFO - 基金 005727 数据已成功保存到本地文件: fund_data/005727.csv
2025-11-10 03:45:48,960 - INFO - 本地已存在基金 006938 数据，共 1637 行，最新日期为: 2025-10-20
2025-11-10 03:45:48,961 - INFO - 正在获取基金 006938 的第 1 页数据...
2025-11-10 03:45:48,962 - INFO - 本地已存在基金 007029 数据，共 1598 行，最新日期为: 2025-10-20
2025-11-10 03:45:48,962 - INFO - 正在获取基金 007029 的第 1 页数据...
2025-11-10 03:45:49,238 - INFO - 第 1 页: 发现 14 行新数据
2025-11-10 03:45:49,239 - INFO - 基金 006215 总页数: 88, 当前页: 1, 当前页行数: 20
2025-11-10 03:45:49,239 - INFO - 基金 006215 已追溯到本地数据，增量爬取结束。
2025-11-10 03:45:49,246 - INFO - 基金 006215 数据已成功保存到本地文件: fund_data/006215.csv
2025-11-10 03:45:49,254 - INFO - 本地已存在基金 007223 数据，共 1379 行，最新日期为: 2025-10-20
2025-11-10 03:45:49,254 - INFO - 正在获取基金 007223 的第 1 页数据...
2025-11-10 03:45:49,378 - INFO - 第 1 页: 发现 14 行新数据
2025-11-10 03:45:49,378 - INFO - 基金 006382 总页数: 87, 当前页: 1, 当前页行数: 20
2025-11-10 03:45:49,378 - INFO - 基金 006382 已追溯到本地数据，增量爬取结束。
2025-11-10 03:45:49,385 - INFO - 基金 006382 数据已成功保存到本地文件: fund_data/006382.csv
2025-11-10 03:45:49,393 - INFO - 本地已存在基金 007301 数据，共 1536 行，最新日期为: 2025-10-20
2025-11-10 03:45:49,393 - INFO - 正在获取基金 007301 的第 1 页数据...
2025-11-10 03:45:49,415 - INFO - 第 1 页: 发现 14 行新数据
2025-11-10 03:45:49,416 - INFO - 基金 006910 总页数: 78, 当前页: 1, 当前页行数: 20
2025-11-10 03:45:49,416 - INFO - 基金 006910 已追溯到本地数据，增量爬取结束。
2025-11-10 03:45:49,422 - INFO - 基金 006910 数据已成功保存到本地文件: fund_data/006910.csv
2025-11-10 03:45:49,430 - INFO - 本地已存在基金 007413 数据，共 1569 行，最新日期为: 2025-10-20
2025-11-10 03:45:49,430 - INFO - 正在获取基金 007413 的第 1 页数据...
2025-11-10 03:45:49,443 - INFO - 第 1 页: 发现 14 行新数据
2025-11-10 03:45:49,443 - INFO - 基金 006938 总页数: 83, 当前页: 1, 当前页行数: 20
2025-11-10 03:45:49,443 - INFO - 基金 006938 已追溯到本地数据，增量爬取结束。
2025-11-10 03:45:49,450 - INFO - 基金 006938 数据已成功保存到本地文件: fund_data/006938.csv
2025-11-10 03:45:49,458 - INFO - 本地已存在基金 007665 数据，共 1479 行，最新日期为: 2025-10-20
2025-11-10 03:45:49,458 - INFO - 正在获取基金 007665 的第 1 页数据...
2025-11-10 03:45:49,579 - INFO - 第 1 页: 发现 14 行新数据
2025-11-10 03:45:49,579 - INFO - 基金 007029 总页数: 81, 当前页: 1, 当前页行数: 20
2025-11-10 03:45:49,580 - INFO - 基金 007029 已追溯到本地数据，增量爬取结束。
2025-11-10 03:45:49,587 - INFO - 基金 007029 数据已成功保存到本地文件: fund_data/007029.csv
2025-11-10 03:45:49,594 - INFO - 本地已存在基金 007794 数据，共 1504 行，最新日期为: 2025-10-20
2025-11-10 03:45:49,595 - INFO - 正在获取基金 007794 的第 1 页数据...
2025-11-10 03:45:49,779 - INFO - 第 1 页: 发现 14 行新数据
2025-11-10 03:45:49,779 - INFO - 基金 007223 总页数: 70, 当前页: 1, 当前页行数: 20
2025-11-10 03:45:49,779 - INFO - 基金 007223 已追溯到本地数据，增量爬取结束。
2025-11-10 03:45:49,785 - INFO - 基金 007223 数据已成功保存到本地文件: fund_data/007223.csv
2025-11-10 03:45:49,793 - INFO - 本地已存在基金 007816 数据，共 1416 行，最新日期为: 2025-10-20
2025-11-10 03:45:49,793 - INFO - 正在获取基金 007816 的第 1 页数据...
2025-11-10 03:45:49,925 - INFO - 第 1 页: 发现 14 行新数据
2025-11-10 03:45:49,925 - INFO - 基金 007413 总页数: 80, 当前页: 1, 当前页行数: 20
2025-11-10 03:45:49,925 - INFO - 基金 007413 已追溯到本地数据，增量爬取结束。
2025-11-10 03:45:49,932 - INFO - 基金 007413 数据已成功保存到本地文件: fund_data/007413.csv
2025-11-10 03:45:49,941 - INFO - 本地已存在基金 007874 数据，共 1488 行，最新日期为: 2025-10-20
2025-11-10 03:45:49,941 - INFO - 正在获取基金 007874 的第 1 页数据...
2025-11-10 03:45:49,979 - INFO - 第 1 页: 发现 14 行新数据
2025-11-10 03:45:49,980 - INFO - 基金 007301 总页数: 78, 当前页: 1, 当前页行数: 20
2025-11-10 03:45:49,980 - INFO - 基金 007301 已追溯到本地数据，增量爬取结束。
2025-11-10 03:45:49,986 - INFO - 基金 007301 数据已成功保存到本地文件: fund_data/007301.csv
2025-11-10 03:45:49,996 - INFO - 本地已存在基金 007984 数据，共 1413 行，最新日期为: 2025-10-20
2025-11-10 03:45:49,996 - INFO - 正在获取基金 007984 的第 1 页数据...
2025-11-10 03:45:50,002 - INFO - 第 1 页: 发现 14 行新数据
2025-11-10 03:45:50,002 - INFO - 基金 007665 总页数: 75, 当前页: 1, 当前页行数: 20
2025-11-10 03:45:50,002 - INFO - 基金 007665 已追溯到本地数据，增量爬取结束。
2025-11-10 03:45:50,009 - INFO - 基金 007665 数据已成功保存到本地文件: fund_data/007665.csv
2025-11-10 03:45:50,016 - INFO - 本地已存在基金 008001 数据，共 1381 行，最新日期为: 2025-10-20
2025-11-10 03:45:50,016 - INFO - 正在获取基金 008001 的第 1 页数据...
2025-11-10 03:45:50,103 - INFO - 第 1 页: 发现 14 行新数据
2025-11-10 03:45:50,103 - INFO - 基金 007794 总页数: 76, 当前页: 1, 当前页行数: 20
2025-11-10 03:45:50,103 - INFO - 基金 007794 已追溯到本地数据，增量爬取结束。
2025-11-10 03:45:50,109 - INFO - 基金 007794 数据已成功保存到本地文件: fund_data/007794.csv
2025-11-10 03:45:50,118 - INFO - 本地已存在基金 008327 数据，共 1392 行，最新日期为: 2025-10-20
2025-11-10 03:45:50,118 - INFO - 正在获取基金 008327 的第 1 页数据...
2025-11-10 03:45:50,312 - INFO - 第 1 页: 发现 14 行新数据
2025-11-10 03:45:50,312 - INFO - 基金 007816 总页数: 72, 当前页: 1, 当前页行数: 20
2025-11-10 03:45:50,313 - INFO - 基金 007816 已追溯到本地数据，增量爬取结束。
2025-11-10 03:45:50,319 - INFO - 基金 007816 数据已成功保存到本地文件: fund_data/007816.csv
2025-11-10 03:45:50,327 - INFO - 本地已存在基金 008400 数据，共 1358 行，最新日期为: 2025-10-20
2025-11-10 03:45:50,327 - INFO - 正在获取基金 008400 的第 1 页数据...
2025-11-10 03:45:50,431 - INFO - 第 1 页: 发现 14 行新数据
2025-11-10 03:45:50,431 - INFO - 基金 007874 总页数: 76, 当前页: 1, 当前页行数: 20
2025-11-10 03:45:50,432 - INFO - 基金 007874 已追溯到本地数据，增量爬取结束。
2025-11-10 03:45:50,438 - INFO - 基金 007874 数据已成功保存到本地文件: fund_data/007874.csv
2025-11-10 03:45:50,446 - INFO - 本地已存在基金 008888 数据，共 1306 行，最新日期为: 2025-10-20
2025-11-10 03:45:50,446 - INFO - 正在获取基金 008888 的第 1 页数据...
2025-11-10 03:45:50,517 - INFO - 第 1 页: 发现 14 行新数据
2025-11-10 03:45:50,518 - INFO - 基金 007984 总页数: 72, 当前页: 1, 当前页行数: 20
2025-11-10 03:45:50,518 - INFO - 基金 007984 已追溯到本地数据，增量爬取结束。
2025-11-10 03:45:50,524 - INFO - 基金 007984 数据已成功保存到本地文件: fund_data/007984.csv
2025-11-10 03:45:50,534 - INFO - 本地已存在基金 008987 数据，共 1247 行，最新日期为: 2025-10-20
2025-11-10 03:45:50,534 - INFO - 正在获取基金 008987 的第 1 页数据...
2025-11-10 03:45:50,539 - INFO - 第 1 页: 发现 14 行新数据
2025-11-10 03:45:50,540 - INFO - 基金 008001 总页数: 70, 当前页: 1, 当前页行数: 20
2025-11-10 03:45:50,540 - INFO - 基金 008001 已追溯到本地数据，增量爬取结束。
2025-11-10 03:45:50,546 - INFO - 基金 008001 数据已成功保存到本地文件: fund_data/008001.csv
2025-11-10 03:45:50,554 - INFO - 本地已存在基金 009239 数据，共 1348 行，最新日期为: 2025-10-20
2025-11-10 03:45:50,554 - INFO - 正在获取基金 009239 的第 1 页数据...
2025-11-10 03:45:50,628 - INFO - 第 1 页: 发现 14 行新数据
2025-11-10 03:45:50,628 - INFO - 基金 008327 总页数: 71, 当前页: 1, 当前页行数: 20
2025-11-10 03:45:50,629 - INFO - 基金 008327 已追溯到本地数据，增量爬取结束。
2025-11-10 03:45:50,635 - INFO - 基金 008327 数据已成功保存到本地文件: fund_data/008327.csv
2025-11-10 03:45:50,643 - INFO - 本地已存在基金 010063 数据，共 1162 行，最新日期为: 2025-10-20
2025-11-10 03:45:50,643 - INFO - 正在获取基金 010063 的第 1 页数据...
2025-11-10 03:45:50,840 - INFO - 第 1 页: 发现 14 行新数据
2025-11-10 03:45:50,840 - INFO - 基金 008400 总页数: 69, 当前页: 1, 当前页行数: 20
2025-11-10 03:45:50,840 - INFO - 基金 008400 已追溯到本地数据，增量爬取结束。
2025-11-10 03:45:50,847 - INFO - 基金 008400 数据已成功保存到本地文件: fund_data/008400.csv
2025-11-10 03:45:50,855 - INFO - 本地已存在基金 010356 数据，共 1210 行，最新日期为: 2025-10-20
2025-11-10 03:45:50,855 - INFO - 正在获取基金 010356 的第 1 页数据...
2025-11-10 03:45:51,024 - INFO - 第 1 页: 发现 14 行新数据
2025-11-10 03:45:51,024 - INFO - 基金 009239 总页数: 69, 当前页: 1, 当前页行数: 20
2025-11-10 03:45:51,024 - INFO - 基金 009239 已追溯到本地数据，增量爬取结束。
2025-11-10 03:45:51,030 - INFO - 基金 009239 数据已成功保存到本地文件: fund_data/009239.csv
2025-11-10 03:45:51,039 - INFO - 本地已存在基金 010524 数据，共 1163 行，最新日期为: 2025-10-20
2025-11-10 03:45:51,040 - INFO - 正在获取基金 010524 的第 1 页数据...
2025-11-10 03:45:51,045 - INFO - 第 1 页: 发现 14 行新数据
2025-11-10 03:45:51,046 - INFO - 基金 008888 总页数: 66, 当前页: 1, 当前页行数: 20
2025-11-10 03:45:51,046 - INFO - 基金 008888 已追溯到本地数据，增量爬取结束。
2025-11-10 03:45:51,052 - INFO - 基金 008888 数据已成功保存到本地文件: fund_data/008888.csv
2025-11-10 03:45:51,059 - INFO - 本地已存在基金 010531 数据，共 1200 行，最新日期为: 2025-10-20
2025-11-10 03:45:51,060 - INFO - 正在获取基金 010531 的第 1 页数据...
2025-11-10 03:45:51,077 - INFO - 第 1 页: 发现 14 行新数据
2025-11-10 03:45:51,077 - INFO - 基金 008987 总页数: 64, 当前页: 1, 当前页行数: 20
2025-11-10 03:45:51,078 - INFO - 基金 008987 已追溯到本地数据，增量爬取结束。
2025-11-10 03:45:51,084 - INFO - 基金 008987 数据已成功保存到本地文件: fund_data/008987.csv
2025-11-10 03:45:51,091 - INFO - 本地已存在基金 010956 数据，共 1149 行，最新日期为: 2025-10-20
2025-11-10 03:45:51,092 - INFO - 正在获取基金 010956 的第 1 页数据...
2025-11-10 03:45:51,223 - INFO - 第 1 页: 发现 14 行新数据
2025-11-10 03:45:51,223 - INFO - 基金 010063 总页数: 59, 当前页: 1, 当前页行数: 20
2025-11-10 03:45:51,223 - INFO - 基金 010063 已追溯到本地数据，增量爬取结束。
2025-11-10 03:45:51,229 - INFO - 基金 010063 数据已成功保存到本地文件: fund_data/010063.csv
2025-11-10 03:45:51,237 - INFO - 本地已存在基金 011036 数据，共 1020 行，最新日期为: 2025-10-20
2025-11-10 03:45:51,237 - INFO - 正在获取基金 011036 的第 1 页数据...
2025-11-10 03:45:51,395 - INFO - 第 1 页: 发现 14 行新数据
2025-11-10 03:45:51,395 - INFO - 基金 010356 总页数: 62, 当前页: 1, 当前页行数: 20
2025-11-10 03:45:51,395 - INFO - 基金 010356 已追溯到本地数据，增量爬取结束。
2025-11-10 03:45:51,401 - INFO - 基金 010356 数据已成功保存到本地文件: fund_data/010356.csv
2025-11-10 03:45:51,409 - INFO - 本地已存在基金 011317 数据，共 1070 行，最新日期为: 2025-10-20
2025-11-10 03:45:51,409 - INFO - 正在获取基金 011317 的第 1 页数据...
2025-11-10 03:45:51,562 - INFO - 第 1 页: 发现 14 行新数据
2025-11-10 03:45:51,562 - INFO - 基金 010531 总页数: 61, 当前页: 1, 当前页行数: 20
2025-11-10 03:45:51,562 - INFO - 基金 010531 已追溯到本地数据，增量爬取结束。
2025-11-10 03:45:51,568 - INFO - 基金 010531 数据已成功保存到本地文件: fund_data/010531.csv
2025-11-10 03:45:51,576 - INFO - 本地已存在基金 011609 数据，共 1098 行，最新日期为: 2025-10-20
2025-11-10 03:45:51,576 - INFO - 正在获取基金 011609 的第 1 页数据...
2025-11-10 03:45:51,633 - INFO - 第 1 页: 发现 14 行新数据
2025-11-10 03:45:51,633 - INFO - 基金 010956 总页数: 59, 当前页: 1, 当前页行数: 20
2025-11-10 03:45:51,634 - INFO - 基金 010956 已追溯到本地数据，增量爬取结束。
2025-11-10 03:45:51,639 - INFO - 基金 010956 数据已成功保存到本地文件: fund_data/010956.csv
2025-11-10 03:45:51,647 - INFO - 本地已存在基金 011611 数据，共 1106 行，最新日期为: 2025-10-20
2025-11-10 03:45:51,647 - INFO - 正在获取基金 011611 的第 1 页数据...
2025-11-10 03:45:51,808 - INFO - 第 1 页: 发现 14 行新数据
2025-11-10 03:45:51,808 - INFO - 基金 011036 总页数: 52, 当前页: 1, 当前页行数: 20
2025-11-10 03:45:51,808 - INFO - 基金 011036 已追溯到本地数据，增量爬取结束。
2025-11-10 03:45:51,814 - INFO - 基金 011036 数据已成功保存到本地文件: fund_data/011036.csv
2025-11-10 03:45:51,822 - INFO - 本地已存在基金 011613 数据，共 1102 行，最新日期为: 2025-10-20
2025-11-10 03:45:51,822 - INFO - 正在获取基金 011613 的第 1 页数据...
2025-11-10 03:45:51,955 - INFO - 第 1 页: 发现 14 行新数据
2025-11-10 03:45:51,955 - INFO - 基金 011317 总页数: 55, 当前页: 1, 当前页行数: 20
2025-11-10 03:45:51,956 - INFO - 基金 011317 已追溯到本地数据，增量爬取结束。
2025-11-10 03:45:51,961 - INFO - 基金 011317 数据已成功保存到本地文件: fund_data/011317.csv
2025-11-10 03:45:51,969 - INFO - 本地已存在基金 011833 数据，共 1059 行，最新日期为: 2025-10-20
2025-11-10 03:45:51,969 - INFO - 正在获取基金 011833 的第 1 页数据...
2025-11-10 03:45:52,228 - INFO - 第 1 页: 发现 14 行新数据
2025-11-10 03:45:52,229 - INFO - 基金 011609 总页数: 56, 当前页: 1, 当前页行数: 20
2025-11-10 03:45:52,229 - INFO - 基金 011609 已追溯到本地数据，增量爬取结束。
2025-11-10 03:45:52,235 - INFO - 基金 011609 数据已成功保存到本地文件: fund_data/011609.csv
2025-11-10 03:45:52,242 - INFO - 本地已存在基金 011840 数据，共 1010 行，最新日期为: 2025-10-20
2025-11-10 03:45:52,242 - INFO - 正在获取基金 011840 的第 1 页数据...
2025-11-10 03:45:52,251 - INFO - 第 1 页: 发现 14 行新数据
2025-11-10 03:45:52,251 - INFO - 基金 011611 总页数: 56, 当前页: 1, 当前页行数: 20
2025-11-10 03:45:52,251 - INFO - 基金 011611 已追溯到本地数据，增量爬取结束。
2025-11-10 03:45:52,256 - INFO - 基金 011611 数据已成功保存到本地文件: fund_data/011611.csv
2025-11-10 03:45:52,264 - INFO - 本地已存在基金 011965 数据，共 775 行，最新日期为: 2025-10-20
2025-11-10 03:45:52,264 - INFO - 正在获取基金 011965 的第 1 页数据...
2025-11-10 03:45:52,329 - INFO - 第 1 页: 发现 14 行新数据
2025-11-10 03:45:52,329 - INFO - 基金 011613 总页数: 56, 当前页: 1, 当前页行数: 20
2025-11-10 03:45:52,329 - INFO - 基金 011613 已追溯到本地数据，增量爬取结束。
2025-11-10 03:45:52,335 - INFO - 基金 011613 数据已成功保存到本地文件: fund_data/011613.csv
2025-11-10 03:45:52,343 - INFO - 本地已存在基金 012040 数据，共 1097 行，最新日期为: 2025-10-20
2025-11-10 03:45:52,343 - INFO - 正在获取基金 012040 的第 1 页数据...
2025-11-10 03:45:52,555 - INFO - 第 1 页: 发现 14 行新数据
2025-11-10 03:45:52,555 - INFO - 基金 011833 总页数: 54, 当前页: 1, 当前页行数: 20
2025-11-10 03:45:52,555 - INFO - 基金 011833 已追溯到本地数据，增量爬取结束。
2025-11-10 03:45:52,561 - INFO - 基金 011833 数据已成功保存到本地文件: fund_data/011833.csv
2025-11-10 03:45:52,568 - INFO - 本地已存在基金 012551 数据，共 1030 行，最新日期为: 2025-10-20
2025-11-10 03:45:52,568 - INFO - 正在获取基金 012551 的第 1 页数据...
2025-11-10 03:45:52,771 - INFO - 第 1 页: 发现 14 行新数据
2025-11-10 03:45:52,771 - INFO - 基金 011840 总页数: 52, 当前页: 1, 当前页行数: 20
2025-11-10 03:45:52,771 - INFO - 基金 011840 已追溯到本地数据，增量爬取结束。
2025-11-10 03:45:52,777 - INFO - 基金 011840 数据已成功保存到本地文件: fund_data/011840.csv
2025-11-10 03:45:52,784 - INFO - 本地已存在基金 012553 数据，共 1014 行，最新日期为: 2025-10-20
2025-11-10 03:45:52,784 - INFO - 正在获取基金 012553 的第 1 页数据...
2025-11-10 03:45:52,799 - INFO - 第 1 页: 发现 14 行新数据
2025-11-10 03:45:52,799 - INFO - 基金 011965 总页数: 40, 当前页: 1, 当前页行数: 20
2025-11-10 03:45:52,800 - INFO - 基金 011965 已追溯到本地数据，增量爬取结束。
2025-11-10 03:45:52,804 - INFO - 基金 011965 数据已成功保存到本地文件: fund_data/011965.csv
2025-11-10 03:45:52,812 - INFO - 本地已存在基金 012555 数据，共 926 行，最新日期为: 2025-10-20
2025-11-10 03:45:52,812 - INFO - 正在获取基金 012555 的第 1 页数据...
2025-11-10 03:45:52,915 - INFO - 第 1 页: 发现 14 行新数据
2025-11-10 03:45:52,915 - INFO - 基金 012040 总页数: 56, 当前页: 1, 当前页行数: 20
2025-11-10 03:45:52,915 - INFO - 基金 012040 已追溯到本地数据，增量爬取结束。
2025-11-10 03:45:52,921 - INFO - 基金 012040 数据已成功保存到本地文件: fund_data/012040.csv
2025-11-10 03:45:52,928 - INFO - 本地已存在基金 012630 数据，共 1015 行，最新日期为: 2025-10-20
2025-11-10 03:45:52,929 - INFO - 正在获取基金 012630 的第 1 页数据...
2025-11-10 03:45:53,133 - INFO - 第 1 页: 发现 14 行新数据
2025-11-10 03:45:53,134 - INFO - 基金 010524 总页数: 59, 当前页: 1, 当前页行数: 20
2025-11-10 03:45:53,134 - INFO - 基金 010524 已追溯到本地数据，增量爬取结束。
2025-11-10 03:45:53,140 - INFO - 基金 010524 数据已成功保存到本地文件: fund_data/010524.csv
2025-11-10 03:45:53,148 - INFO - 本地已存在基金 012718 数据，共 889 行，最新日期为: 2025-10-20
2025-11-10 03:45:53,149 - INFO - 正在获取基金 012718 的第 1 页数据...
2025-11-10 03:45:53,154 - INFO - 第 1 页: 发现 14 行新数据
2025-11-10 03:45:53,154 - INFO - 基金 012551 总页数: 53, 当前页: 1, 当前页行数: 20
2025-11-10 03:45:53,155 - INFO - 基金 012551 已追溯到本地数据，增量爬取结束。
2025-11-10 03:45:53,160 - INFO - 基金 012551 数据已成功保存到本地文件: fund_data/012551.csv
2025-11-10 03:45:53,168 - INFO - 本地已存在基金 012734 数据，共 879 行，最新日期为: 2025-10-20
2025-11-10 03:45:53,168 - INFO - 正在获取基金 012734 的第 1 页数据...
2025-11-10 03:45:53,324 - INFO - 第 1 页: 发现 14 行新数据
2025-11-10 03:45:53,324 - INFO - 基金 012553 总页数: 52, 当前页: 1, 当前页行数: 20
2025-11-10 03:45:53,324 - INFO - 基金 012553 已追溯到本地数据，增量爬取结束。
2025-11-10 03:45:53,330 - INFO - 基金 012553 数据已成功保存到本地文件: fund_data/012553.csv
2025-11-10 03:45:53,338 - INFO - 本地已存在基金 012808 数据，共 1033 行，最新日期为: 2025-10-20
2025-11-10 03:45:53,338 - INFO - 正在获取基金 012808 的第 1 页数据...
2025-11-10 03:45:53,406 - INFO - 第 1 页: 发现 14 行新数据
2025-11-10 03:45:53,406 - INFO - 基金 012630 总页数: 52, 当前页: 1, 当前页行数: 20
2025-11-10 03:45:53,406 - INFO - 基金 012630 已追溯到本地数据，增量爬取结束。
2025-11-10 03:45:53,412 - INFO - 基金 012630 数据已成功保存到本地文件: fund_data/012630.csv
2025-11-10 03:45:53,419 - INFO - 本地已存在基金 012809 数据，共 939 行，最新日期为: 2025-10-20
2025-11-10 03:45:53,420 - INFO - 正在获取基金 012809 的第 1 页数据...
2025-11-10 03:45:53,446 - INFO - 第 1 页: 发现 14 行新数据
2025-11-10 03:45:53,446 - INFO - 基金 012555 总页数: 47, 当前页: 1, 当前页行数: 20
2025-11-10 03:45:53,446 - INFO - 基金 012555 已追溯到本地数据，增量爬取结束。
2025-11-10 03:45:53,451 - INFO - 基金 012555 数据已成功保存到本地文件: fund_data/012555.csv
2025-11-10 03:45:53,459 - INFO - 本地已存在基金 012838 数据，共 1020 行，最新日期为: 2025-10-20
2025-11-10 03:45:53,459 - INFO - 正在获取基金 012838 的第 1 页数据...
2025-11-10 03:45:53,662 - INFO - 第 1 页: 发现 14 行新数据
2025-11-10 03:45:53,662 - INFO - 基金 012734 总页数: 45, 当前页: 1, 当前页行数: 20
2025-11-10 03:45:53,663 - INFO - 基金 012734 已追溯到本地数据，增量爬取结束。
2025-11-10 03:45:53,668 - INFO - 基金 012734 数据已成功保存到本地文件: fund_data/012734.csv
2025-11-10 03:45:53,676 - INFO - 本地已存在基金 012899 数据，共 1016 行，最新日期为: 2025-10-20
2025-11-10 03:45:53,677 - INFO - 正在获取基金 012899 的第 1 页数据...
2025-11-10 03:45:53,840 - INFO - 第 1 页: 发现 14 行新数据
2025-11-10 03:45:53,840 - INFO - 基金 012718 总页数: 46, 当前页: 1, 当前页行数: 20
2025-11-10 03:45:53,840 - INFO - 基金 012718 已追溯到本地数据，增量爬取结束。
2025-11-10 03:45:53,845 - INFO - 基金 012718 数据已成功保存到本地文件: fund_data/012718.csv
2025-11-10 03:45:53,853 - INFO - 本地已存在基金 012901 数据，共 951 行，最新日期为: 2025-10-20
2025-11-10 03:45:53,853 - INFO - 正在获取基金 012901 的第 1 页数据...
2025-11-10 03:45:53,898 - INFO - 第 1 页: 发现 14 行新数据
2025-11-10 03:45:53,898 - INFO - 基金 012808 总页数: 53, 当前页: 1, 当前页行数: 20
2025-11-10 03:45:53,899 - INFO - 基金 012808 已追溯到本地数据，增量爬取结束。
2025-11-10 03:45:53,904 - INFO - 基金 012808 数据已成功保存到本地文件: fund_data/012808.csv
2025-11-10 03:45:53,913 - INFO - 本地已存在基金 012908 数据，共 1020 行，最新日期为: 2025-10-20
2025-11-10 03:45:53,913 - INFO - 正在获取基金 012908 的第 1 页数据...
2025-11-10 03:45:54,032 - INFO - 第 1 页: 发现 14 行新数据
2025-11-10 03:45:54,032 - INFO - 基金 012838 总页数: 52, 当前页: 1, 当前页行数: 20
2025-11-10 03:45:54,032 - INFO - 基金 012838 已追溯到本地数据，增量爬取结束。
2025-11-10 03:45:54,038 - INFO - 基金 012838 数据已成功保存到本地文件: fund_data/012838.csv
2025-11-10 03:45:54,046 - INFO - 本地已存在基金 012970 数据，共 1006 行，最新日期为: 2025-10-20
2025-11-10 03:45:54,046 - INFO - 正在获取基金 012970 的第 1 页数据...
2025-11-10 03:45:54,174 - INFO - 第 1 页: 发现 14 行新数据
2025-11-10 03:45:54,175 - INFO - 基金 012899 总页数: 52, 当前页: 1, 当前页行数: 20
2025-11-10 03:45:54,175 - INFO - 基金 012899 已追溯到本地数据，增量爬取结束。
2025-11-10 03:45:54,180 - INFO - 基金 012899 数据已成功保存到本地文件: fund_data/012899.csv
2025-11-10 03:45:54,188 - INFO - 本地已存在基金 013081 数据，共 1005 行，最新日期为: 2025-10-20
2025-11-10 03:45:54,188 - INFO - 正在获取基金 013081 的第 1 页数据...
2025-11-10 03:45:54,347 - INFO - 第 1 页: 发现 14 行新数据
2025-11-10 03:45:54,347 - INFO - 基金 012901 总页数: 49, 当前页: 1, 当前页行数: 20
2025-11-10 03:45:54,348 - INFO - 基金 012901 已追溯到本地数据，增量爬取结束。
2025-11-10 03:45:54,353 - INFO - 基金 012901 数据已成功保存到本地文件: fund_data/012901.csv
2025-11-10 03:45:54,361 - INFO - 本地已存在基金 013084 数据，共 1005 行，最新日期为: 2025-10-20
2025-11-10 03:45:54,361 - INFO - 正在获取基金 013084 的第 1 页数据...
2025-11-10 03:45:54,490 - INFO - 第 1 页: 发现 14 行新数据
2025-11-10 03:45:54,490 - INFO - 基金 012908 总页数: 52, 当前页: 1, 当前页行数: 20
2025-11-10 03:45:54,490 - INFO - 基金 012908 已追溯到本地数据，增量爬取结束。
2025-11-10 03:45:54,496 - INFO - 基金 012908 数据已成功保存到本地文件: fund_data/012908.csv
2025-11-10 03:45:54,504 - INFO - 本地已存在基金 013122 数据，共 1005 行，最新日期为: 2025-10-20
2025-11-10 03:45:54,504 - INFO - 正在获取基金 013122 的第 1 页数据...
2025-11-10 03:45:54,562 - INFO - 第 1 页: 发现 14 行新数据
2025-11-10 03:45:54,562 - INFO - 基金 012970 总页数: 51, 当前页: 1, 当前页行数: 20
2025-11-10 03:45:54,563 - INFO - 基金 012970 已追溯到本地数据，增量爬取结束。
2025-11-10 03:45:54,568 - INFO - 基金 012970 数据已成功保存到本地文件: fund_data/012970.csv
2025-11-10 03:45:54,576 - INFO - 本地已存在基金 013277 数据，共 1012 行，最新日期为: 2025-10-20
2025-11-10 03:45:54,576 - INFO - 正在获取基金 013277 的第 1 页数据...
2025-11-10 03:45:54,795 - INFO - 第 1 页: 发现 14 行新数据
2025-11-10 03:45:54,795 - INFO - 基金 013081 总页数: 51, 当前页: 1, 当前页行数: 20
2025-11-10 03:45:54,795 - INFO - 基金 013081 已追溯到本地数据，增量爬取结束。
2025-11-10 03:45:54,800 - INFO - 基金 013081 数据已成功保存到本地文件: fund_data/013081.csv
2025-11-10 03:45:54,808 - INFO - 本地已存在基金 013278 数据，共 1012 行，最新日期为: 2025-10-20
2025-11-10 03:45:54,808 - INFO - 正在获取基金 013278 的第 1 页数据...
2025-11-10 03:45:54,932 - INFO - 第 1 页: 发现 14 行新数据
2025-11-10 03:45:54,932 - INFO - 基金 013084 总页数: 51, 当前页: 1, 当前页行数: 20
2025-11-10 03:45:54,933 - INFO - 基金 013084 已追溯到本地数据，增量爬取结束。
2025-11-10 03:45:54,938 - INFO - 基金 013084 数据已成功保存到本地文件: fund_data/013084.csv
2025-11-10 03:45:54,946 - INFO - 本地已存在基金 013292 数据，共 1007 行，最新日期为: 2025-10-20
2025-11-10 03:45:54,946 - INFO - 正在获取基金 013292 的第 1 页数据...
2025-11-10 03:45:55,020 - INFO - 第 1 页: 发现 14 行新数据
2025-11-10 03:45:55,020 - INFO - 基金 013122 总页数: 51, 当前页: 1, 当前页行数: 20
2025-11-10 03:45:55,021 - INFO - 基金 013122 已追溯到本地数据，增量爬取结束。
2025-11-10 03:45:55,026 - INFO - 基金 013122 数据已成功保存到本地文件: fund_data/013122.csv
2025-11-10 03:45:55,034 - INFO - 本地已存在基金 013299 数据，共 995 行，最新日期为: 2025-10-20
2025-11-10 03:45:55,034 - INFO - 正在获取基金 013299 的第 1 页数据...
2025-11-10 03:45:55,077 - INFO - 第 1 页: 发现 14 行新数据
2025-11-10 03:45:55,077 - INFO - 基金 013277 总页数: 52, 当前页: 1, 当前页行数: 20
2025-11-10 03:45:55,077 - INFO - 基金 013277 已追溯到本地数据，增量爬取结束。
2025-11-10 03:45:55,082 - INFO - 基金 013277 数据已成功保存到本地文件: fund_data/013277.csv
2025-11-10 03:45:55,090 - INFO - 本地已存在基金 013303 数据，共 1004 行，最新日期为: 2025-10-20
2025-11-10 03:45:55,090 - INFO - 正在获取基金 013303 的第 1 页数据...
2025-11-10 03:45:55,308 - INFO - 第 1 页: 发现 14 行新数据
2025-11-10 03:45:55,308 - INFO - 基金 013278 总页数: 52, 当前页: 1, 当前页行数: 20
2025-11-10 03:45:55,309 - INFO - 基金 013278 已追溯到本地数据，增量爬取结束。
2025-11-10 03:45:55,314 - INFO - 基金 013278 数据已成功保存到本地文件: fund_data/013278.csv
2025-11-10 03:45:55,322 - INFO - 本地已存在基金 013305 数据，共 1001 行，最新日期为: 2025-10-20
2025-11-10 03:45:55,322 - INFO - 正在获取基金 013305 的第 1 页数据...
2025-11-10 03:45:55,436 - INFO - 第 1 页: 发现 14 行新数据
2025-11-10 03:45:55,436 - INFO - 基金 013292 总页数: 52, 当前页: 1, 当前页行数: 20
2025-11-10 03:45:55,437 - INFO - 基金 013292 已追溯到本地数据，增量爬取结束。
2025-11-10 03:45:55,442 - INFO - 基金 013292 数据已成功保存到本地文件: fund_data/013292.csv
2025-11-10 03:45:55,450 - INFO - 本地已存在基金 013316 数据，共 1005 行，最新日期为: 2025-10-20
2025-11-10 03:45:55,451 - INFO - 正在获取基金 013316 的第 1 页数据...
2025-11-10 03:45:55,587 - INFO - 第 1 页: 发现 14 行新数据
2025-11-10 03:45:55,587 - INFO - 基金 013303 总页数: 51, 当前页: 1, 当前页行数: 20
2025-11-10 03:45:55,587 - INFO - 基金 013303 已追溯到本地数据，增量爬取结束。
2025-11-10 03:45:55,593 - INFO - 基金 013303 数据已成功保存到本地文件: fund_data/013303.csv
2025-11-10 03:45:55,600 - INFO - 本地已存在基金 013318 数据，共 998 行，最新日期为: 2025-10-20
2025-11-10 03:45:55,600 - INFO - 正在获取基金 013318 的第 1 页数据...
2025-11-10 03:45:55,628 - INFO - 第 1 页: 发现 14 行新数据
2025-11-10 03:45:55,628 - INFO - 基金 013299 总页数: 51, 当前页: 1, 当前页行数: 20
2025-11-10 03:45:55,629 - INFO - 基金 013299 已追溯到本地数据，增量爬取结束。
2025-11-10 03:45:55,634 - INFO - 基金 013299 数据已成功保存到本地文件: fund_data/013299.csv
2025-11-10 03:45:55,642 - INFO - 本地已存在基金 013331 数据，共 1010 行，最新日期为: 2025-10-20
2025-11-10 03:45:55,642 - INFO - 正在获取基金 013331 的第 1 页数据...
2025-11-10 03:45:55,829 - INFO - 第 1 页: 发现 14 行新数据
2025-11-10 03:45:55,829 - INFO - 基金 013305 总页数: 51, 当前页: 1, 当前页行数: 20
2025-11-10 03:45:55,829 - INFO - 基金 013305 已追溯到本地数据，增量爬取结束。
2025-11-10 03:45:55,835 - INFO - 基金 013305 数据已成功保存到本地文件: fund_data/013305.csv
2025-11-10 03:45:55,843 - INFO - 本地已存在基金 013811 数据，共 971 行，最新日期为: 2025-10-20
2025-11-10 03:45:55,843 - INFO - 正在获取基金 013811 的第 1 页数据...
2025-11-10 03:45:55,958 - INFO - 第 1 页: 发现 14 行新数据
2025-11-10 03:45:55,959 - INFO - 基金 013316 总页数: 51, 当前页: 1, 当前页行数: 20
2025-11-10 03:45:55,959 - INFO - 基金 013316 已追溯到本地数据，增量爬取结束。
2025-11-10 03:45:55,964 - INFO - 基金 013316 数据已成功保存到本地文件: fund_data/013316.csv
2025-11-10 03:45:55,972 - INFO - 本地已存在基金 013894 数据，共 814 行，最新日期为: 2025-10-20
2025-11-10 03:45:55,972 - INFO - 正在获取基金 013894 的第 1 页数据...
2025-11-10 03:45:56,139 - INFO - 第 1 页: 发现 14 行新数据
2025-11-10 03:45:56,139 - INFO - 基金 013331 总页数: 52, 当前页: 1, 当前页行数: 20
2025-11-10 03:45:56,139 - INFO - 基金 013331 已追溯到本地数据，增量爬取结束。
2025-11-10 03:45:56,146 - INFO - 基金 013331 数据已成功保存到本地文件: fund_data/013331.csv
2025-11-10 03:45:56,154 - INFO - 本地已存在基金 014130 数据，共 944 行，最新日期为: 2025-10-20
2025-11-10 03:45:56,154 - INFO - 正在获取基金 014130 的第 1 页数据...
2025-11-10 03:45:56,160 - INFO - 第 1 页: 发现 14 行新数据
2025-11-10 03:45:56,160 - INFO - 基金 013318 总页数: 51, 当前页: 1, 当前页行数: 20
2025-11-10 03:45:56,161 - INFO - 基金 013318 已追溯到本地数据，增量爬取结束。
2025-11-10 03:45:56,166 - INFO - 基金 013318 数据已成功保存到本地文件: fund_data/013318.csv
2025-11-10 03:45:56,173 - INFO - 本地已存在基金 014172 数据，共 939 行，最新日期为: 2025-10-20
2025-11-10 03:45:56,173 - INFO - 正在获取基金 014172 的第 1 页数据...
2025-11-10 03:45:56,338 - INFO - 第 1 页: 发现 14 行新数据
2025-11-10 03:45:56,339 - INFO - 基金 013811 总页数: 50, 当前页: 1, 当前页行数: 20
2025-11-10 03:45:56,339 - INFO - 基金 013811 已追溯到本地数据，增量爬取结束。
2025-11-10 03:45:56,344 - INFO - 基金 013811 数据已成功保存到本地文件: fund_data/013811.csv
2025-11-10 03:45:56,352 - INFO - 本地已存在基金 014173 数据，共 942 行，最新日期为: 2025-10-20
2025-11-10 03:45:56,352 - INFO - 正在获取基金 014173 的第 1 页数据...
2025-11-10 03:45:56,478 - INFO - 第 1 页: 发现 14 行新数据
2025-11-10 03:45:56,478 - INFO - 基金 013894 总页数: 42, 当前页: 1, 当前页行数: 20
2025-11-10 03:45:56,478 - INFO - 基金 013894 已追溯到本地数据，增量爬取结束。
2025-11-10 03:45:56,483 - INFO - 基金 013894 数据已成功保存到本地文件: fund_data/013894.csv
2025-11-10 03:45:56,491 - INFO - 本地已存在基金 014194 数据，共 937 行，最新日期为: 2025-10-20
2025-11-10 03:45:56,491 - INFO - 正在获取基金 014194 的第 1 页数据...
2025-11-10 03:45:56,713 - INFO - 第 1 页: 发现 14 行新数据
2025-11-10 03:45:56,713 - INFO - 基金 014172 总页数: 48, 当前页: 1, 当前页行数: 20
2025-11-10 03:45:56,714 - INFO - 基金 014172 已追溯到本地数据，增量爬取结束。
2025-11-10 03:45:56,719 - INFO - 基金 014172 数据已成功保存到本地文件: fund_data/014172.csv
2025-11-10 03:45:56,726 - INFO - 本地已存在基金 014219 数据，共 862 行，最新日期为: 2025-10-20
2025-11-10 03:45:56,726 - INFO - 正在获取基金 014219 的第 1 页数据...
2025-11-10 03:45:56,744 - INFO - 第 1 页: 发现 14 行新数据
2025-11-10 03:45:56,745 - INFO - 基金 014130 总页数: 48, 当前页: 1, 当前页行数: 20
2025-11-10 03:45:56,745 - INFO - 基金 014130 已追溯到本地数据，增量爬取结束。
2025-11-10 03:45:56,750 - INFO - 基金 014130 数据已成功保存到本地文件: fund_data/014130.csv
2025-11-10 03:45:56,757 - INFO - 本地已存在基金 014332 数据，共 932 行，最新日期为: 2025-10-20
2025-11-10 03:45:56,758 - INFO - 正在获取基金 014332 的第 1 页数据...
2025-11-10 03:45:56,897 - INFO - 第 1 页: 发现 14 行新数据
2025-11-10 03:45:56,897 - INFO - 基金 014173 总页数: 48, 当前页: 1, 当前页行数: 20
2025-11-10 03:45:56,897 - INFO - 基金 014173 已追溯到本地数据，增量爬取结束。
2025-11-10 03:45:56,903 - INFO - 基金 014173 数据已成功保存到本地文件: fund_data/014173.csv
2025-11-10 03:45:56,910 - INFO - 本地已存在基金 014345 数据，共 915 行，最新日期为: 2025-10-20
2025-11-10 03:45:56,910 - INFO - 正在获取基金 014345 的第 1 页数据...
2025-11-10 03:45:56,977 - INFO - 第 1 页: 发现 14 行新数据
2025-11-10 03:45:56,977 - INFO - 基金 014194 总页数: 48, 当前页: 1, 当前页行数: 20
2025-11-10 03:45:56,977 - INFO - 基金 014194 已追溯到本地数据，增量爬取结束。
2025-11-10 03:45:56,982 - INFO - 基金 014194 数据已成功保存到本地文件: fund_data/014194.csv
2025-11-10 03:45:56,990 - INFO - 本地已存在基金 014419 数据，共 925 行，最新日期为: 2025-10-20
2025-11-10 03:45:56,990 - INFO - 正在获取基金 014419 的第 1 页数据...
2025-11-10 03:45:57,253 - INFO - 第 1 页: 发现 14 行新数据
2025-11-10 03:45:57,253 - INFO - 基金 014332 总页数: 48, 当前页: 1, 当前页行数: 20
2025-11-10 03:45:57,253 - INFO - 基金 014332 已追溯到本地数据，增量爬取结束。
2025-11-10 03:45:57,258 - INFO - 基金 014332 数据已成功保存到本地文件: fund_data/014332.csv
2025-11-10 03:45:57,266 - INFO - 本地已存在基金 014544 数据，共 915 行，最新日期为: 2025-10-20
2025-11-10 03:45:57,266 - INFO - 正在获取基金 014544 的第 1 页数据...
2025-11-10 03:45:57,328 - INFO - 第 1 页: 发现 14 行新数据
2025-11-10 03:45:57,328 - INFO - 基金 014219 总页数: 44, 当前页: 1, 当前页行数: 20
2025-11-10 03:45:57,328 - INFO - 基金 014219 已追溯到本地数据，增量爬取结束。
2025-11-10 03:45:57,333 - INFO - 基金 014219 数据已成功保存到本地文件: fund_data/014219.csv
2025-11-10 03:45:57,341 - INFO - 本地已存在基金 014662 数据，共 880 行，最新日期为: 2025-10-20
2025-11-10 03:45:57,341 - INFO - 正在获取基金 014662 的第 1 页数据...
2025-11-10 03:45:57,430 - INFO - 第 1 页: 发现 14 行新数据
2025-11-10 03:45:57,430 - INFO - 基金 014345 总页数: 47, 当前页: 1, 当前页行数: 20
2025-11-10 03:45:57,431 - INFO - 基金 014345 已追溯到本地数据，增量爬取结束。
2025-11-10 03:45:57,436 - INFO - 基金 014345 数据已成功保存到本地文件: fund_data/014345.csv
2025-11-10 03:45:57,443 - INFO - 本地已存在基金 014777 数据，共 904 行，最新日期为: 2025-10-20
2025-11-10 03:45:57,443 - INFO - 正在获取基金 014777 的第 1 页数据...
2025-11-10 03:45:57,492 - INFO - 第 1 页: 发现 14 行新数据
2025-11-10 03:45:57,493 - INFO - 基金 014419 总页数: 47, 当前页: 1, 当前页行数: 20
2025-11-10 03:45:57,493 - INFO - 基金 014419 已追溯到本地数据，增量爬取结束。
2025-11-10 03:45:57,498 - INFO - 基金 014419 数据已成功保存到本地文件: fund_data/014419.csv
2025-11-10 03:45:57,506 - INFO - 本地已存在基金 014855 数据，共 840 行，最新日期为: 2025-10-20
2025-11-10 03:45:57,506 - INFO - 正在获取基金 014855 的第 1 页数据...
2025-11-10 03:45:57,704 - INFO - 第 1 页: 发现 14 行新数据
2025-11-10 03:45:57,704 - INFO - 基金 014544 总页数: 47, 当前页: 1, 当前页行数: 20
2025-11-10 03:45:57,705 - INFO - 基金 014544 已追溯到本地数据，增量爬取结束。
2025-11-10 03:45:57,710 - INFO - 基金 014544 数据已成功保存到本地文件: fund_data/014544.csv
2025-11-10 03:45:57,718 - INFO - 本地已存在基金 014985 数据，共 890 行，最新日期为: 2025-10-20
2025-11-10 03:45:57,718 - INFO - 正在获取基金 014985 的第 1 页数据...
2025-11-10 03:45:57,837 - INFO - 第 1 页: 发现 14 行新数据
2025-11-10 03:45:57,837 - INFO - 基金 014662 总页数: 45, 当前页: 1, 当前页行数: 20
2025-11-10 03:45:57,837 - INFO - 基金 014662 已追溯到本地数据，增量爬取结束。
2025-11-10 03:45:57,842 - INFO - 基金 014662 数据已成功保存到本地文件: fund_data/014662.csv
2025-11-10 03:45:57,850 - INFO - 本地已存在基金 015337 数据，共 867 行，最新日期为: 2025-10-20
2025-11-10 03:45:57,850 - INFO - 正在获取基金 015337 的第 1 页数据...
2025-11-10 03:45:57,920 - INFO - 第 1 页: 发现 14 行新数据
2025-11-10 03:45:57,920 - INFO - 基金 014777 总页数: 46, 当前页: 1, 当前页行数: 20
2025-11-10 03:45:57,921 - INFO - 基金 014777 已追溯到本地数据，增量爬取结束。
2025-11-10 03:45:57,926 - INFO - 基金 014777 数据已成功保存到本地文件: fund_data/014777.csv
2025-11-10 03:45:57,933 - INFO - 本地已存在基金 015454 数据，共 839 行，最新日期为: 2025-10-20
2025-11-10 03:45:57,934 - INFO - 正在获取基金 015454 的第 1 页数据...
2025-11-10 03:45:57,980 - INFO - 第 1 页: 发现 14 行新数据
2025-11-10 03:45:57,980 - INFO - 基金 014855 总页数: 43, 当前页: 1, 当前页行数: 20
2025-11-10 03:45:57,981 - INFO - 基金 014855 已追溯到本地数据，增量爬取结束。
2025-11-10 03:45:57,986 - INFO - 基金 014855 数据已成功保存到本地文件: fund_data/014855.csv
2025-11-10 03:45:57,993 - INFO - 本地已存在基金 015508 数据，共 813 行，最新日期为: 2025-10-20
2025-11-10 03:45:57,994 - INFO - 正在获取基金 015508 的第 1 页数据...
2025-11-10 03:45:58,244 - INFO - 第 1 页: 发现 14 行新数据
2025-11-10 03:45:58,244 - INFO - 基金 014985 总页数: 46, 当前页: 1, 当前页行数: 20
2025-11-10 03:45:58,244 - INFO - 基金 014985 已追溯到本地数据，增量爬取结束。
2025-11-10 03:45:58,249 - INFO - 基金 014985 数据已成功保存到本地文件: fund_data/014985.csv
2025-11-10 03:45:58,257 - INFO - 本地已存在基金 015577 数据，共 837 行，最新日期为: 2025-10-20
2025-11-10 03:45:58,257 - INFO - 正在获取基金 015577 的第 1 页数据...
2025-11-10 03:45:58,340 - INFO - 第 1 页: 发现 14 行新数据
2025-11-10 03:45:58,340 - INFO - 基金 015337 总页数: 45, 当前页: 1, 当前页行数: 20
2025-11-10 03:45:58,341 - INFO - 基金 015337 已追溯到本地数据，增量爬取结束。
2025-11-10 03:45:58,346 - INFO - 基金 015337 数据已成功保存到本地文件: fund_data/015337.csv
2025-11-10 03:45:58,353 - INFO - 本地已存在基金 015596 数据，共 835 行，最新日期为: 2025-10-20
2025-11-10 03:45:58,353 - INFO - 正在获取基金 015596 的第 1 页数据...
2025-11-10 03:45:58,488 - INFO - 第 1 页: 发现 14 行新数据
2025-11-10 03:45:58,488 - INFO - 基金 015454 总页数: 43, 当前页: 1, 当前页行数: 20
2025-11-10 03:45:58,489 - INFO - 基金 015454 已追溯到本地数据，增量爬取结束。
2025-11-10 03:45:58,494 - INFO - 基金 015454 数据已成功保存到本地文件: fund_data/015454.csv
2025-11-10 03:45:58,503 - INFO - 本地已存在基金 015600 数据，共 832 行，最新日期为: 2025-10-20
2025-11-10 03:45:58,504 - INFO - 正在获取基金 015600 的第 1 页数据...
2025-11-10 03:45:58,509 - INFO - 第 1 页: 发现 14 行新数据
2025-11-10 03:45:58,509 - INFO - 基金 015508 总页数: 42, 当前页: 1, 当前页行数: 20
2025-11-10 03:45:58,509 - INFO - 基金 015508 已追溯到本地数据，增量爬取结束。
2025-11-10 03:45:58,514 - INFO - 基金 015508 数据已成功保存到本地文件: fund_data/015508.csv
2025-11-10 03:45:58,522 - INFO - 本地已存在基金 015673 数据，共 840 行，最新日期为: 2025-10-20
2025-11-10 03:45:58,523 - INFO - 正在获取基金 015673 的第 1 页数据...
2025-11-10 03:45:58,613 - INFO - 第 1 页: 发现 14 行新数据
2025-11-10 03:45:58,613 - INFO - 基金 012809 总页数: 48, 当前页: 1, 当前页行数: 20
2025-11-10 03:45:58,613 - INFO - 基金 012809 已追溯到本地数据，增量爬取结束。
2025-11-10 03:45:58,618 - INFO - 基金 012809 数据已成功保存到本地文件: fund_data/012809.csv
2025-11-10 03:45:58,626 - INFO - 本地已存在基金 015676 数据，共 840 行，最新日期为: 2025-10-20
2025-11-10 03:45:58,626 - INFO - 正在获取基金 015676 的第 1 页数据...
2025-11-10 03:45:58,767 - INFO - 第 1 页: 发现 14 行新数据
2025-11-10 03:45:58,767 - INFO - 基金 015577 总页数: 43, 当前页: 1, 当前页行数: 20
2025-11-10 03:45:58,767 - INFO - 基金 015577 已追溯到本地数据，增量爬取结束。
2025-11-10 03:45:58,772 - INFO - 基金 015577 数据已成功保存到本地文件: fund_data/015577.csv
2025-11-10 03:45:58,780 - INFO - 本地已存在基金 015677 数据，共 832 行，最新日期为: 2025-10-20
2025-11-10 03:45:58,780 - INFO - 正在获取基金 015677 的第 1 页数据...
2025-11-10 03:45:58,806 - INFO - 第 1 页: 发现 14 行新数据
2025-11-10 03:45:58,806 - INFO - 基金 015596 总页数: 43, 当前页: 1, 当前页行数: 20
2025-11-10 03:45:58,806 - INFO - 基金 015596 已追溯到本地数据，增量爬取结束。
2025-11-10 03:45:58,811 - INFO - 基金 015596 数据已成功保存到本地文件: fund_data/015596.csv
2025-11-10 03:45:58,818 - INFO - 本地已存在基金 015788 数据，共 738 行，最新日期为: 2025-10-20
2025-11-10 03:45:58,819 - INFO - 正在获取基金 015788 的第 1 页数据...
2025-11-10 03:45:58,960 - INFO - 第 1 页: 发现 14 行新数据
2025-11-10 03:45:58,961 - INFO - 基金 015600 总页数: 43, 当前页: 1, 当前页行数: 20
2025-11-10 03:45:58,961 - INFO - 基金 015600 已追溯到本地数据，增量爬取结束。
2025-11-10 03:45:58,966 - INFO - 基金 015600 数据已成功保存到本地文件: fund_data/015600.csv
2025-11-10 03:45:58,973 - INFO - 本地已存在基金 015795 数据，共 761 行，最新日期为: 2025-10-20
2025-11-10 03:45:58,973 - INFO - 正在获取基金 015795 的第 1 页数据...
2025-11-10 03:45:59,048 - INFO - 第 1 页: 发现 14 行新数据
2025-11-10 03:45:59,049 - INFO - 基金 015673 总页数: 43, 当前页: 1, 当前页行数: 20
2025-11-10 03:45:59,049 - INFO - 基金 015673 已追溯到本地数据，增量爬取结束。
2025-11-10 03:45:59,054 - INFO - 基金 015673 数据已成功保存到本地文件: fund_data/015673.csv
2025-11-10 03:45:59,062 - INFO - 本地已存在基金 015877 数据，共 807 行，最新日期为: 2025-10-20
2025-11-10 03:45:59,062 - INFO - 正在获取基金 015877 的第 1 页数据...
2025-11-10 03:45:59,244 - INFO - 第 1 页: 发现 14 行新数据
2025-11-10 03:45:59,244 - INFO - 基金 015676 总页数: 43, 当前页: 1, 当前页行数: 20
2025-11-10 03:45:59,244 - INFO - 基金 015676 已追溯到本地数据，增量爬取结束。
2025-11-10 03:45:59,249 - INFO - 基金 015676 数据已成功保存到本地文件: fund_data/015676.csv
2025-11-10 03:45:59,257 - INFO - 本地已存在基金 015895 数据，共 784 行，最新日期为: 2025-10-20
2025-11-10 03:45:59,258 - INFO - 正在获取基金 015895 的第 1 页数据...
2025-11-10 03:45:59,311 - INFO - 第 1 页: 发现 14 行新数据
2025-11-10 03:45:59,312 - INFO - 基金 015788 总页数: 38, 当前页: 1, 当前页行数: 20
2025-11-10 03:45:59,313 - INFO - 基金 015788 已追溯到本地数据，增量爬取结束。
2025-11-10 03:45:59,318 - INFO - 基金 015788 数据已成功保存到本地文件: fund_data/015788.csv
2025-11-10 03:45:59,330 - INFO - 第 1 页: 发现 14 行新数据
2025-11-10 03:45:59,330 - INFO - 本地已存在基金 016123 数据，共 759 行，最新日期为: 2025-10-20
2025-11-10 03:45:59,330 - INFO - 基金 015677 总页数: 43, 当前页: 1, 当前页行数: 20
2025-11-10 03:45:59,331 - INFO - 正在获取基金 016123 的第 1 页数据...
2025-11-10 03:45:59,331 - INFO - 基金 015677 已追溯到本地数据，增量爬取结束。
2025-11-10 03:45:59,337 - INFO - 基金 015677 数据已成功保存到本地文件: fund_data/015677.csv
2025-11-10 03:45:59,345 - INFO - 本地已存在基金 016277 数据，共 759 行，最新日期为: 2025-11-07
2025-11-10 03:45:59,345 - INFO - 正在获取基金 016277 的第 1 页数据...
2025-11-10 03:45:59,560 - INFO - 第 1 页: 发现 14 行新数据
2025-11-10 03:45:59,560 - INFO - 基金 015795 总页数: 39, 当前页: 1, 当前页行数: 20
2025-11-10 03:45:59,560 - INFO - 基金 015795 已追溯到本地数据，增量爬取结束。
2025-11-10 03:45:59,565 - INFO - 基金 015795 数据已成功保存到本地文件: fund_data/015795.csv
2025-11-10 03:45:59,574 - INFO - 本地已存在基金 070039 数据，共 1723 行，最新日期为: 2025-10-20
2025-11-10 03:45:59,574 - INFO - 正在获取基金 070039 的第 1 页数据...
2025-11-10 03:45:59,579 - INFO - 第 1 页: 发现 14 行新数据
2025-11-10 03:45:59,579 - INFO - 基金 015877 总页数: 42, 当前页: 1, 当前页行数: 20
2025-11-10 03:45:59,580 - INFO - 基金 015877 已追溯到本地数据，增量爬取结束。
2025-11-10 03:45:59,585 - INFO - 基金 015877 数据已成功保存到本地文件: fund_data/015877.csv
2025-11-10 03:45:59,592 - INFO - 本地已存在基金 160424 数据，共 1561 行，最新日期为: 2025-10-20
2025-11-10 03:45:59,592 - INFO - 正在获取基金 160424 的第 1 页数据...
2025-11-10 03:45:59,792 - INFO - 第 1 页: 发现 14 行新数据
2025-11-10 03:45:59,792 - INFO - 基金 015895 总页数: 40, 当前页: 1, 当前页行数: 20
2025-11-10 03:45:59,792 - INFO - 基金 015895 已追溯到本地数据，增量爬取结束。
2025-11-10 03:45:59,797 - INFO - 基金 015895 数据已成功保存到本地文件: fund_data/015895.csv
2025-11-10 03:45:59,806 - INFO - 本地已存在基金 501037 数据，共 1967 行，最新日期为: 2025-10-20
2025-11-10 03:45:59,806 - INFO - 正在获取基金 501037 的第 1 页数据...
2025-11-10 03:45:59,853 - INFO - 基金 016277 无新数据，爬取结束。
2025-11-10 03:45:59,853 - INFO - 基金 016277 无新数据，使用本地历史数据进行分析
2025-11-10 03:45:59,892 - INFO - 第 1 页: 发现 14 行新数据
2025-11-10 03:45:59,892 - INFO - 基金 016123 总页数: 39, 当前页: 1, 当前页行数: 20
2025-11-10 03:45:59,892 - INFO - 基金 016123 已追溯到本地数据，增量爬取结束。
2025-11-10 03:45:59,897 - INFO - 基金 016123 数据已成功保存到本地文件: fund_data/016123.csv
2025-11-10 03:46:00,080 - INFO - 第 1 页: 发现 14 行新数据
2025-11-10 03:46:00,080 - INFO - 基金 070039 总页数: 87, 当前页: 1, 当前页行数: 20
2025-11-10 03:46:00,080 - INFO - 基金 070039 已追溯到本地数据，增量爬取结束。
2025-11-10 03:46:00,088 - INFO - 基金 070039 数据已成功保存到本地文件: fund_data/070039.csv
2025-11-10 03:46:00,232 - INFO - 第 1 页: 发现 14 行新数据
2025-11-10 03:46:00,232 - INFO - 基金 160424 总页数: 79, 当前页: 1, 当前页行数: 20
2025-11-10 03:46:00,232 - INFO - 基金 160424 已追溯到本地数据，增量爬取结束。
2025-11-10 03:46:00,239 - INFO - 基金 160424 数据已成功保存到本地文件: fund_data/160424.csv
2025-11-10 03:46:00,338 - INFO - 第 1 页: 发现 14 行新数据
2025-11-10 03:46:00,338 - INFO - 基金 501037 总页数: 100, 当前页: 1, 当前页行数: 20
2025-11-10 03:46:00,339 - INFO - 基金 501037 已追溯到本地数据，增量爬取结束。
2025-11-10 03:46:00,346 - INFO - 基金 501037 数据已成功保存到本地文件: fund_data/501037.csv
2025-11-10 03:46:00,352 - INFO - 所有基金数据处理完成。
2025-11-10 03:46:00,352 - INFO - 正在生成市场监控报告...
2025-11-10 03:46:00,368 - INFO - 报告生成完成: market_monitor_report_z.md (过滤后基金数: 101)
2025-11-10 03:46:00,368 - INFO - 脚本执行完成
