2025-11-04 21:35:40,990 - INFO - 脚本启动
2025-11-04 21:35:40,998 - INFO - 大盘数据加载成功，共 3424 行，最新日期: 2025-11-03
2025-11-04 21:35:41,004 - INFO - 大盘指标计算完成
2025-11-04 21:35:41,004 - INFO - 正在解析 result_C类.txt 获取推荐基金代码...
2025-11-04 21:35:41,006 - INFO - 成功提取到 95 个基金（测试限制前1000个）: ['001174', '003985', '004846', '005538', '005776', '005940', '007491', '009056', '009068', '009856', '010392', '010806', '010913', '011120', '011513', '011705', '011900', '012863', '013014', '013048', '013180', '013196', '013370', '013722', '013841', '013843', '014143', '014194', '014320', '014497', '014536', '014581', '014766', '014855', '014951', '015585', '015687', '015773', '015874', '015998', '016020', '016158', '016262', '016373', '016461', '016486', '016501', '016567', '016579', '017074', '017076', '017166', '017223', '017470', '017560', '017747', '017811', '017968', '018288', '018326', '018380', '018638', '018927', '019571', '019633', '019925', '020357', '020465', '020470', '020477', '020629', '020640', '020671', '020840', '021225', '021533', '021608', '021719', '021793', '021894', '021938', '022365', '022607', '022726', '023045', '023452', '023567', '023652', '023829', '024070', '024420', '024854', '024975', '025333', '512760']
2025-11-04 21:35:41,006 - INFO - 开始预加载本地缓存数据...
2025-11-04 21:35:41,007 - INFO - 当前时间: 2025-11-04 21:35:41, 期望最新数据日期: 2025-11-04
2025-11-04 21:35:41,011 - INFO - 本地已存在基金 001174 数据，共 2561 行，最新日期为: 2025-10-20
2025-11-04 21:35:41,012 - INFO - 基金 001174 本地数据已过时（最新日期为 2025-10-20，期望 2025-11-04），需要从网络获取新数据。
2025-11-04 21:35:41,015 - INFO - 本地已存在基金 003985 数据，共 2079 行，最新日期为: 2025-10-30
2025-11-04 21:35:41,015 - INFO - 基金 003985 本地数据已过时（最新日期为 2025-10-30，期望 2025-11-04），需要从网络获取新数据。
2025-11-04 21:35:41,018 - INFO - 本地已存在基金 004846 数据，共 1980 行，最新日期为: 2025-10-30
2025-11-04 21:35:41,018 - INFO - 基金 004846 本地数据已过时（最新日期为 2025-10-30，期望 2025-11-04），需要从网络获取新数据。
2025-11-04 21:35:41,022 - INFO - 本地已存在基金 005538 数据，共 1810 行，最新日期为: 2025-10-20
2025-11-04 21:35:41,022 - INFO - 基金 005538 本地数据已过时（最新日期为 2025-10-20，期望 2025-11-04），需要从网络获取新数据。
2025-11-04 21:35:41,025 - INFO - 本地已存在基金 005776 数据，共 1717 行，最新日期为: 2025-10-20
2025-11-04 21:35:41,025 - INFO - 基金 005776 本地数据已过时（最新日期为 2025-10-20，期望 2025-11-04），需要从网络获取新数据。
2025-11-04 21:35:41,029 - INFO - 本地已存在基金 005940 数据，共 1687 行，最新日期为: 2025-10-30
2025-11-04 21:35:41,029 - INFO - 基金 005940 本地数据已过时（最新日期为 2025-10-30，期望 2025-11-04），需要从网络获取新数据。
2025-11-04 21:35:41,032 - INFO - 本地已存在基金 007491 数据，共 1508 行，最新日期为: 2025-10-20
2025-11-04 21:35:41,032 - INFO - 基金 007491 本地数据已过时（最新日期为 2025-10-20，期望 2025-11-04），需要从网络获取新数据。
2025-11-04 21:35:41,035 - INFO - 本地已存在基金 009056 数据，共 1321 行，最新日期为: 2025-10-20
2025-11-04 21:35:41,035 - INFO - 基金 009056 本地数据已过时（最新日期为 2025-10-20，期望 2025-11-04），需要从网络获取新数据。
2025-11-04 21:35:41,038 - INFO - 本地已存在基金 009068 数据，共 1353 行，最新日期为: 2025-10-30
2025-11-04 21:35:41,038 - INFO - 基金 009068 本地数据已过时（最新日期为 2025-10-30，期望 2025-11-04），需要从网络获取新数据。
2025-11-04 21:35:41,041 - INFO - 本地已存在基金 009856 数据，共 1223 行，最新日期为: 2025-10-20
2025-11-04 21:35:41,041 - INFO - 基金 009856 本地数据已过时（最新日期为 2025-10-20，期望 2025-11-04），需要从网络获取新数据。
2025-11-04 21:35:41,044 - INFO - 本地已存在基金 010392 数据，共 1123 行，最新日期为: 2025-10-20
2025-11-04 21:35:41,044 - INFO - 基金 010392 本地数据已过时（最新日期为 2025-10-20，期望 2025-11-04），需要从网络获取新数据。
2025-11-04 21:35:41,047 - INFO - 本地已存在基金 010806 数据，共 1178 行，最新日期为: 2025-10-30
2025-11-04 21:35:41,047 - INFO - 基金 010806 本地数据已过时（最新日期为 2025-10-30，期望 2025-11-04），需要从网络获取新数据。
2025-11-04 21:35:41,049 - INFO - 本地已存在基金 010913 数据，共 1075 行，最新日期为: 2025-10-30
2025-11-04 21:35:41,049 - INFO - 基金 010913 本地数据已过时（最新日期为 2025-10-30，期望 2025-11-04），需要从网络获取新数据。
2025-11-04 21:35:41,052 - INFO - 本地已存在基金 011120 数据，共 1167 行，最新日期为: 2025-10-20
2025-11-04 21:35:41,052 - INFO - 基金 011120 本地数据已过时（最新日期为 2025-10-20，期望 2025-11-04），需要从网络获取新数据。
2025-11-04 21:35:41,055 - INFO - 本地已存在基金 011513 数据，共 1100 行，最新日期为: 2025-10-30
2025-11-04 21:35:41,055 - INFO - 基金 011513 本地数据已过时（最新日期为 2025-10-30，期望 2025-11-04），需要从网络获取新数据。
2025-11-04 21:35:41,057 - INFO - 本地已存在基金 011705 数据，共 996 行，最新日期为: 2025-10-30
2025-11-04 21:35:41,057 - INFO - 基金 011705 本地数据已过时（最新日期为 2025-10-30，期望 2025-11-04），需要从网络获取新数据。
2025-11-04 21:35:41,060 - INFO - 本地已存在基金 011900 数据，共 736 行，最新日期为: 2025-10-30
2025-11-04 21:35:41,060 - INFO - 基金 011900 本地数据已过时（最新日期为 2025-10-30，期望 2025-11-04），需要从网络获取新数据。
2025-11-04 21:35:41,063 - INFO - 本地已存在基金 012863 数据，共 1019 行，最新日期为: 2025-10-30
2025-11-04 21:35:41,063 - INFO - 基金 012863 本地数据已过时（最新日期为 2025-10-30，期望 2025-11-04），需要从网络获取新数据。
2025-11-04 21:35:41,065 - INFO - 本地已存在基金 013014 数据，共 993 行，最新日期为: 2025-10-30
2025-11-04 21:35:41,065 - INFO - 基金 013014 本地数据已过时（最新日期为 2025-10-30，期望 2025-11-04），需要从网络获取新数据。
2025-11-04 21:35:41,068 - INFO - 本地已存在基金 013048 数据，共 1041 行，最新日期为: 2025-10-30
2025-11-04 21:35:41,068 - INFO - 基金 013048 本地数据已过时（最新日期为 2025-10-30，期望 2025-11-04），需要从网络获取新数据。
2025-11-04 21:35:41,070 - INFO - 本地已存在基金 013180 数据，共 1018 行，最新日期为: 2025-10-30
2025-11-04 21:35:41,071 - INFO - 基金 013180 本地数据已过时（最新日期为 2025-10-30，期望 2025-11-04），需要从网络获取新数据。
2025-11-04 21:35:41,073 - INFO - 本地已存在基金 013196 数据，共 1009 行，最新日期为: 2025-10-30
2025-11-04 21:35:41,073 - INFO - 基金 013196 本地数据已过时（最新日期为 2025-10-30，期望 2025-11-04），需要从网络获取新数据。
2025-11-04 21:35:41,076 - INFO - 本地已存在基金 013370 数据，共 858 行，最新日期为: 2025-10-30
2025-11-04 21:35:41,076 - INFO - 基金 013370 本地数据已过时（最新日期为 2025-10-30，期望 2025-11-04），需要从网络获取新数据。
2025-11-04 21:35:41,079 - INFO - 本地已存在基金 013722 数据，共 912 行，最新日期为: 2025-10-20
2025-11-04 21:35:41,079 - INFO - 基金 013722 本地数据已过时（最新日期为 2025-10-20，期望 2025-11-04），需要从网络获取新数据。
2025-11-04 21:35:41,082 - INFO - 本地已存在基金 013841 数据，共 902 行，最新日期为: 2025-10-20
2025-11-04 21:35:41,082 - INFO - 基金 013841 本地数据已过时（最新日期为 2025-10-20，期望 2025-11-04），需要从网络获取新数据。
2025-11-04 21:35:41,084 - INFO - 本地已存在基金 013843 数据，共 834 行，最新日期为: 2025-10-30
2025-11-04 21:35:41,084 - INFO - 基金 013843 本地数据已过时（最新日期为 2025-10-30，期望 2025-11-04），需要从网络获取新数据。
2025-11-04 21:35:41,087 - INFO - 本地已存在基金 014143 数据，共 950 行，最新日期为: 2025-10-20
2025-11-04 21:35:41,087 - INFO - 基金 014143 本地数据已过时（最新日期为 2025-10-20，期望 2025-11-04），需要从网络获取新数据。
2025-11-04 21:35:41,090 - INFO - 本地已存在基金 014194 数据，共 937 行，最新日期为: 2025-10-20
2025-11-04 21:35:41,090 - INFO - 基金 014194 本地数据已过时（最新日期为 2025-10-20，期望 2025-11-04），需要从网络获取新数据。
2025-11-04 21:35:41,093 - INFO - 本地已存在基金 014320 数据，共 919 行，最新日期为: 2025-10-20
2025-11-04 21:35:41,093 - INFO - 基金 014320 本地数据已过时（最新日期为 2025-10-20，期望 2025-11-04），需要从网络获取新数据。
2025-11-04 21:35:41,096 - INFO - 本地已存在基金 014497 数据，共 936 行，最新日期为: 2025-10-30
2025-11-04 21:35:41,096 - INFO - 基金 014497 本地数据已过时（最新日期为 2025-10-30，期望 2025-11-04），需要从网络获取新数据。
2025-11-04 21:35:41,098 - INFO - 本地已存在基金 014536 数据，共 928 行，最新日期为: 2025-10-20
2025-11-04 21:35:41,099 - INFO - 基金 014536 本地数据已过时（最新日期为 2025-10-20，期望 2025-11-04），需要从网络获取新数据。
2025-11-04 21:35:41,101 - INFO - 本地已存在基金 014581 数据，共 927 行，最新日期为: 2025-10-20
2025-11-04 21:35:41,101 - INFO - 基金 014581 本地数据已过时（最新日期为 2025-10-20，期望 2025-11-04），需要从网络获取新数据。
2025-11-04 21:35:41,104 - INFO - 本地已存在基金 014766 数据，共 879 行，最新日期为: 2025-10-30
2025-11-04 21:35:41,104 - INFO - 基金 014766 本地数据已过时（最新日期为 2025-10-30，期望 2025-11-04），需要从网络获取新数据。
2025-11-04 21:35:41,106 - INFO - 本地已存在基金 014855 数据，共 840 行，最新日期为: 2025-10-20
2025-11-04 21:35:41,107 - INFO - 基金 014855 本地数据已过时（最新日期为 2025-10-20，期望 2025-11-04），需要从网络获取新数据。
2025-11-04 21:35:41,109 - INFO - 本地已存在基金 014951 数据，共 855 行，最新日期为: 2025-10-30
2025-11-04 21:35:41,110 - INFO - 基金 014951 本地数据已过时（最新日期为 2025-10-30，期望 2025-11-04），需要从网络获取新数据。
2025-11-04 21:35:41,112 - INFO - 本地已存在基金 015585 数据，共 835 行，最新日期为: 2025-10-20
2025-11-04 21:35:41,112 - INFO - 基金 015585 本地数据已过时（最新日期为 2025-10-20，期望 2025-11-04），需要从网络获取新数据。
2025-11-04 21:35:41,115 - INFO - 本地已存在基金 015687 数据，共 844 行，最新日期为: 2025-10-30
2025-11-04 21:35:41,115 - INFO - 基金 015687 本地数据已过时（最新日期为 2025-10-30，期望 2025-11-04），需要从网络获取新数据。
2025-11-04 21:35:41,117 - INFO - 本地已存在基金 015773 数据，共 837 行，最新日期为: 2025-10-20
2025-11-04 21:35:41,118 - INFO - 基金 015773 本地数据已过时（最新日期为 2025-10-20，期望 2025-11-04），需要从网络获取新数据。
2025-11-04 21:35:41,120 - INFO - 本地已存在基金 015874 数据，共 799 行，最新日期为: 2025-10-30
2025-11-04 21:35:41,120 - INFO - 基金 015874 本地数据已过时（最新日期为 2025-10-30，期望 2025-11-04），需要从网络获取新数据。
2025-11-04 21:35:41,123 - INFO - 本地已存在基金 015998 数据，共 814 行，最新日期为: 2025-10-30
2025-11-04 21:35:41,123 - INFO - 基金 015998 本地数据已过时（最新日期为 2025-10-30，期望 2025-11-04），需要从网络获取新数据。
2025-11-04 21:35:41,125 - INFO - 本地已存在基金 016020 数据，共 802 行，最新日期为: 2025-10-30
2025-11-04 21:35:41,126 - INFO - 基金 016020 本地数据已过时（最新日期为 2025-10-30，期望 2025-11-04），需要从网络获取新数据。
2025-11-04 21:35:41,128 - INFO - 本地已存在基金 016158 数据，共 696 行，最新日期为: 2025-10-30
2025-11-04 21:35:41,128 - INFO - 基金 016158 本地数据已过时（最新日期为 2025-10-30，期望 2025-11-04），需要从网络获取新数据。
2025-11-04 21:35:41,130 - INFO - 本地已存在基金 016262 数据，共 797 行，最新日期为: 2025-10-30
2025-11-04 21:35:41,130 - INFO - 基金 016262 本地数据已过时（最新日期为 2025-10-30，期望 2025-11-04），需要从网络获取新数据。
2025-11-04 21:35:41,133 - INFO - 本地已存在基金 016373 数据，共 746 行，最新日期为: 2025-10-30
2025-11-04 21:35:41,133 - INFO - 基金 016373 本地数据已过时（最新日期为 2025-10-30，期望 2025-11-04），需要从网络获取新数据。
2025-11-04 21:35:41,136 - INFO - 本地已存在基金 016461 数据，共 765 行，最新日期为: 2025-10-20
2025-11-04 21:35:41,136 - INFO - 基金 016461 本地数据已过时（最新日期为 2025-10-20，期望 2025-11-04），需要从网络获取新数据。
2025-11-04 21:35:41,139 - INFO - 本地已存在基金 016486 数据，共 670 行，最新日期为: 2025-10-30
2025-11-04 21:35:41,139 - INFO - 基金 016486 本地数据已过时（最新日期为 2025-10-30，期望 2025-11-04），需要从网络获取新数据。
2025-11-04 21:35:41,141 - INFO - 本地已存在基金 016501 数据，共 739 行，最新日期为: 2025-10-20
2025-11-04 21:35:41,142 - INFO - 基金 016501 本地数据已过时（最新日期为 2025-10-20，期望 2025-11-04），需要从网络获取新数据。
2025-11-04 21:35:41,144 - INFO - 本地已存在基金 016567 数据，共 752 行，最新日期为: 2025-10-30
2025-11-04 21:35:41,144 - INFO - 基金 016567 本地数据已过时（最新日期为 2025-10-30，期望 2025-11-04），需要从网络获取新数据。
2025-11-04 21:35:41,146 - INFO - 本地已存在基金 016579 数据，共 748 行，最新日期为: 2025-10-20
2025-11-04 21:35:41,147 - INFO - 基金 016579 本地数据已过时（最新日期为 2025-10-20，期望 2025-11-04），需要从网络获取新数据。
2025-11-04 21:35:41,149 - INFO - 本地已存在基金 017074 数据，共 685 行，最新日期为: 2025-10-30
2025-11-04 21:35:41,149 - INFO - 基金 017074 本地数据已过时（最新日期为 2025-10-30，期望 2025-11-04），需要从网络获取新数据。
2025-11-04 21:35:41,152 - INFO - 本地已存在基金 017076 数据，共 688 行，最新日期为: 2025-10-30
2025-11-04 21:35:41,152 - INFO - 基金 017076 本地数据已过时（最新日期为 2025-10-30，期望 2025-11-04），需要从网络获取新数据。
2025-11-04 21:35:41,154 - INFO - 本地已存在基金 017166 数据，共 600 行，最新日期为: 2025-10-30
2025-11-04 21:35:41,155 - INFO - 基金 017166 本地数据已过时（最新日期为 2025-10-30，期望 2025-11-04），需要从网络获取新数据。
2025-11-04 21:35:41,157 - INFO - 本地已存在基金 017223 数据，共 704 行，最新日期为: 2025-10-30
2025-11-04 21:35:41,157 - INFO - 基金 017223 本地数据已过时（最新日期为 2025-10-30，期望 2025-11-04），需要从网络获取新数据。
2025-11-04 21:35:41,159 - INFO - 本地已存在基金 017470 数据，共 702 行，最新日期为: 2025-10-30
2025-11-04 21:35:41,160 - INFO - 基金 017470 本地数据已过时（最新日期为 2025-10-30，期望 2025-11-04），需要从网络获取新数据。
2025-11-04 21:35:41,162 - INFO - 本地已存在基金 017560 数据，共 688 行，最新日期为: 2025-10-30
2025-11-04 21:35:41,162 - INFO - 基金 017560 本地数据已过时（最新日期为 2025-10-30，期望 2025-11-04），需要从网络获取新数据。
2025-11-04 21:35:41,165 - INFO - 本地已存在基金 017747 数据，共 576 行，最新日期为: 2025-10-30
2025-11-04 21:35:41,165 - INFO - 基金 017747 本地数据已过时（最新日期为 2025-10-30，期望 2025-11-04），需要从网络获取新数据。
2025-11-04 21:35:41,167 - INFO - 本地已存在基金 017811 数据，共 656 行，最新日期为: 2025-11-03
2025-11-04 21:35:41,167 - INFO - 基金 017811 本地数据已过时（最新日期为 2025-11-03，期望 2025-11-04），需要从网络获取新数据。
2025-11-04 21:35:41,169 - INFO - 本地已存在基金 017968 数据，共 643 行，最新日期为: 2025-10-30
2025-11-04 21:35:41,170 - INFO - 基金 017968 本地数据已过时（最新日期为 2025-10-30，期望 2025-11-04），需要从网络获取新数据。
2025-11-04 21:35:41,172 - INFO - 本地已存在基金 018288 数据，共 576 行，最新日期为: 2025-10-30
2025-11-04 21:35:41,172 - INFO - 基金 018288 本地数据已过时（最新日期为 2025-10-30，期望 2025-11-04），需要从网络获取新数据。
2025-11-04 21:35:41,175 - INFO - 本地已存在基金 018326 数据，共 581 行，最新日期为: 2025-10-30
2025-11-04 21:35:41,175 - INFO - 基金 018326 本地数据已过时（最新日期为 2025-10-30，期望 2025-11-04），需要从网络获取新数据。
2025-11-04 21:35:41,177 - INFO - 本地已存在基金 018380 数据，共 604 行，最新日期为: 2025-10-30
2025-11-04 21:35:41,177 - INFO - 基金 018380 本地数据已过时（最新日期为 2025-10-30，期望 2025-11-04），需要从网络获取新数据。
2025-11-04 21:35:41,180 - INFO - 本地已存在基金 018638 数据，共 585 行，最新日期为: 2025-10-30
2025-11-04 21:35:41,180 - INFO - 基金 018638 本地数据已过时（最新日期为 2025-10-30，期望 2025-11-04），需要从网络获取新数据。
2025-11-04 21:35:41,182 - INFO - 本地已存在基金 018927 数据，共 462 行，最新日期为: 2025-10-30
2025-11-04 21:35:41,182 - INFO - 基金 018927 本地数据已过时（最新日期为 2025-10-30，期望 2025-11-04），需要从网络获取新数据。
2025-11-04 21:35:41,185 - INFO - 本地已存在基金 019571 数据，共 497 行，最新日期为: 2025-10-20
2025-11-04 21:35:41,185 - INFO - 基金 019571 本地数据已过时（最新日期为 2025-10-20，期望 2025-11-04），需要从网络获取新数据。
2025-11-04 21:35:41,187 - INFO - 本地已存在基金 019633 数据，共 502 行，最新日期为: 2025-10-30
2025-11-04 21:35:41,187 - INFO - 基金 019633 本地数据已过时（最新日期为 2025-10-30，期望 2025-11-04），需要从网络获取新数据。
2025-11-04 21:35:41,189 - INFO - 本地已存在基金 019925 数据，共 476 行，最新日期为: 2025-10-20
2025-11-04 21:35:41,190 - INFO - 基金 019925 本地数据已过时（最新日期为 2025-10-20，期望 2025-11-04），需要从网络获取新数据。
2025-11-04 21:35:41,192 - INFO - 本地已存在基金 020357 数据，共 415 行，最新日期为: 2025-10-30
2025-11-04 21:35:41,192 - INFO - 基金 020357 本地数据已过时（最新日期为 2025-10-30，期望 2025-11-04），需要从网络获取新数据。
2025-11-04 21:35:41,194 - INFO - 本地已存在基金 020465 数据，共 420 行，最新日期为: 2025-10-30
2025-11-04 21:35:41,194 - INFO - 基金 020465 本地数据已过时（最新日期为 2025-10-30，期望 2025-11-04），需要从网络获取新数据。
2025-11-04 21:35:41,197 - INFO - 本地已存在基金 020470 数据，共 393 行，最新日期为: 2025-10-30
2025-11-04 21:35:41,197 - INFO - 基金 020470 本地数据已过时（最新日期为 2025-10-30，期望 2025-11-04），需要从网络获取新数据。
2025-11-04 21:35:41,199 - INFO - 本地已存在基金 020477 数据，共 345 行，最新日期为: 2025-10-30
2025-11-04 21:35:41,199 - INFO - 基金 020477 本地数据已过时（最新日期为 2025-10-30，期望 2025-11-04），需要从网络获取新数据。
2025-11-04 21:35:41,202 - INFO - 本地已存在基金 020629 数据，共 393 行，最新日期为: 2025-10-30
2025-11-04 21:35:41,202 - INFO - 基金 020629 本地数据已过时（最新日期为 2025-10-30，期望 2025-11-04），需要从网络获取新数据。
2025-11-04 21:35:41,204 - INFO - 本地已存在基金 020640 数据，共 401 行，最新日期为: 2025-10-30
2025-11-04 21:35:41,204 - INFO - 基金 020640 本地数据已过时（最新日期为 2025-10-30，期望 2025-11-04），需要从网络获取新数据。
2025-11-04 21:35:41,206 - INFO - 本地已存在基金 020671 数据，共 417 行，最新日期为: 2025-10-30
2025-11-04 21:35:41,206 - INFO - 基金 020671 本地数据已过时（最新日期为 2025-10-30，期望 2025-11-04），需要从网络获取新数据。
2025-11-04 21:35:41,209 - INFO - 本地已存在基金 020840 数据，共 380 行，最新日期为: 2025-10-30
2025-11-04 21:35:41,209 - INFO - 基金 020840 本地数据已过时（最新日期为 2025-10-30，期望 2025-11-04），需要从网络获取新数据。
2025-11-04 21:35:41,211 - INFO - 本地已存在基金 021225 数据，共 276 行，最新日期为: 2025-10-30
2025-11-04 21:35:41,211 - INFO - 基金 021225 本地数据已过时（最新日期为 2025-10-30，期望 2025-11-04），需要从网络获取新数据。
2025-11-04 21:35:41,213 - INFO - 本地已存在基金 021533 数据，共 333 行，最新日期为: 2025-10-30
2025-11-04 21:35:41,213 - INFO - 基金 021533 本地数据已过时（最新日期为 2025-10-30，期望 2025-11-04），需要从网络获取新数据。
2025-11-04 21:35:41,216 - INFO - 本地已存在基金 021608 数据，共 312 行，最新日期为: 2025-10-30
2025-11-04 21:35:41,216 - INFO - 基金 021608 本地数据已过时（最新日期为 2025-10-30，期望 2025-11-04），需要从网络获取新数据。
2025-11-04 21:35:41,218 - INFO - 本地已存在基金 021719 数据，共 303 行，最新日期为: 2025-10-30
2025-11-04 21:35:41,218 - INFO - 基金 021719 本地数据已过时（最新日期为 2025-10-30，期望 2025-11-04），需要从网络获取新数据。
2025-11-04 21:35:41,220 - INFO - 本地已存在基金 021793 数据，共 263 行，最新日期为: 2025-10-30
2025-11-04 21:35:41,221 - INFO - 基金 021793 本地数据已过时（最新日期为 2025-10-30，期望 2025-11-04），需要从网络获取新数据。
2025-11-04 21:35:41,222 - INFO - 本地已存在基金 021894 数据，共 222 行，最新日期为: 2025-10-30
2025-11-04 21:35:41,223 - INFO - 基金 021894 本地数据已过时（最新日期为 2025-10-30，期望 2025-11-04），需要从网络获取新数据。
2025-11-04 21:35:41,224 - INFO - 本地已存在基金 021938 数据，共 114 行，最新日期为: 2025-10-30
2025-11-04 21:35:41,225 - INFO - 基金 021938 本地数据已过时（最新日期为 2025-10-30，期望 2025-11-04），需要从网络获取新数据。
2025-11-04 21:35:41,226 - INFO - 本地已存在基金 022365 数据，共 242 行，最新日期为: 2025-10-30
2025-11-04 21:35:41,227 - INFO - 基金 022365 本地数据已过时（最新日期为 2025-10-30，期望 2025-11-04），需要从网络获取新数据。
2025-11-04 21:35:41,228 - INFO - 本地已存在基金 022607 数据，共 233 行，最新日期为: 2025-10-30
2025-11-04 21:35:41,229 - INFO - 基金 022607 本地数据已过时（最新日期为 2025-10-30，期望 2025-11-04），需要从网络获取新数据。
2025-11-04 21:35:41,230 - INFO - 本地已存在基金 022726 数据，共 182 行，最新日期为: 2025-10-30
2025-11-04 21:35:41,231 - INFO - 基金 022726 本地数据已过时（最新日期为 2025-10-30，期望 2025-11-04），需要从网络获取新数据。
2025-11-04 21:35:41,232 - INFO - 本地已存在基金 023045 数据，共 142 行，最新日期为: 2025-10-30
2025-11-04 21:35:41,233 - INFO - 基金 023045 本地数据已过时（最新日期为 2025-10-30，期望 2025-11-04），需要从网络获取新数据。
2025-11-04 21:35:41,234 - INFO - 本地已存在基金 023452 数据，共 157 行，最新日期为: 2025-10-30
2025-11-04 21:35:41,235 - INFO - 基金 023452 本地数据已过时（最新日期为 2025-10-30，期望 2025-11-04），需要从网络获取新数据。
2025-11-04 21:35:41,236 - INFO - 本地已存在基金 023567 数据，共 150 行，最新日期为: 2025-10-30
2025-11-04 21:35:41,237 - INFO - 基金 023567 本地数据已过时（最新日期为 2025-10-30，期望 2025-11-04），需要从网络获取新数据。
2025-11-04 21:35:41,238 - INFO - 本地已存在基金 023652 数据，共 137 行，最新日期为: 2025-10-30
2025-11-04 21:35:41,239 - INFO - 基金 023652 本地数据已过时（最新日期为 2025-10-30，期望 2025-11-04），需要从网络获取新数据。
2025-11-04 21:35:41,240 - INFO - 本地已存在基金 023829 数据，共 110 行，最新日期为: 2025-10-30
2025-11-04 21:35:41,241 - INFO - 基金 023829 本地数据已过时（最新日期为 2025-10-30，期望 2025-11-04），需要从网络获取新数据。
2025-11-04 21:35:41,242 - INFO - 本地已存在基金 024070 数据，共 100 行，最新日期为: 2025-10-30
2025-11-04 21:35:41,243 - INFO - 基金 024070 本地数据已过时（最新日期为 2025-10-30，期望 2025-11-04），需要从网络获取新数据。
2025-11-04 21:35:41,245 - INFO - 本地已存在基金 024420 数据，共 55 行，最新日期为: 2025-10-30
2025-11-04 21:35:41,245 - INFO - 基金 024420 本地数据已过时（最新日期为 2025-10-30，期望 2025-11-04），需要从网络获取新数据。
2025-11-04 21:35:41,247 - INFO - 本地已存在基金 024854 数据，共 37 行，最新日期为: 2025-10-30
2025-11-04 21:35:41,247 - INFO - 基金 024854 本地数据已过时（最新日期为 2025-10-30，期望 2025-11-04），需要从网络获取新数据。
2025-11-04 21:35:41,249 - INFO - 本地已存在基金 024975 数据，共 58 行，最新日期为: 2025-10-30
2025-11-04 21:35:41,249 - INFO - 基金 024975 本地数据已过时（最新日期为 2025-10-30，期望 2025-11-04），需要从网络获取新数据。
2025-11-04 21:35:41,251 - INFO - 本地已存在基金 025333 数据，共 41 行，最新日期为: 2025-10-30
2025-11-04 21:35:41,251 - INFO - 基金 025333 本地数据已过时（最新日期为 2025-10-30，期望 2025-11-04），需要从网络获取新数据。
2025-11-04 21:35:41,253 - INFO - 本地已存在基金 512760 数据，共 1561 行，最新日期为: 2025-10-30
2025-11-04 21:35:41,254 - INFO - 基金 512760 本地数据已过时（最新日期为 2025-10-30，期望 2025-11-04），需要从网络获取新数据。
2025-11-04 21:35:41,254 - INFO - 开始使用多线程获取 95 个基金的新数据...
2025-11-04 21:35:41,279 - INFO - 本地已存在基金 004846 数据，共 1980 行，最新日期为: 2025-10-30
2025-11-04 21:35:41,280 - INFO - 正在获取基金 004846 的第 1 页数据...
2025-11-04 21:35:41,291 - INFO - 本地已存在基金 005538 数据，共 1810 行，最新日期为: 2025-10-20
2025-11-04 21:35:41,292 - INFO - 本地已存在基金 005776 数据，共 1717 行，最新日期为: 2025-10-20
2025-11-04 21:35:41,293 - INFO - 本地已存在基金 003985 数据，共 2079 行，最新日期为: 2025-10-30
2025-11-04 21:35:41,293 - INFO - 正在获取基金 005538 的第 1 页数据...
2025-11-04 21:35:41,294 - INFO - 正在获取基金 005776 的第 1 页数据...
2025-11-04 21:35:41,294 - INFO - 本地已存在基金 001174 数据，共 2561 行，最新日期为: 2025-10-20
2025-11-04 21:35:41,294 - INFO - 正在获取基金 003985 的第 1 页数据...
2025-11-04 21:35:41,297 - INFO - 正在获取基金 001174 的第 1 页数据...
2025-11-04 21:35:42,389 - INFO - 第 1 页: 发现 11 行新数据
2025-11-04 21:35:42,389 - INFO - 基金 001174 总页数: 129, 当前页: 1, 当前页行数: 20
2025-11-04 21:35:42,389 - INFO - 基金 001174 已追溯到本地数据，增量爬取结束。
2025-11-04 21:35:42,400 - INFO - 基金 001174 数据已成功保存到本地文件: fund_data/001174.csv
2025-11-04 21:35:42,413 - INFO - 本地已存在基金 005940 数据，共 1687 行，最新日期为: 2025-10-30
2025-11-04 21:35:42,414 - INFO - 正在获取基金 005940 的第 1 页数据...
2025-11-04 21:35:42,423 - INFO - 第 1 页: 发现 11 行新数据
2025-11-04 21:35:42,423 - INFO - 基金 005776 总页数: 87, 当前页: 1, 当前页行数: 20
2025-11-04 21:35:42,423 - INFO - 基金 005776 已追溯到本地数据，增量爬取结束。
2025-11-04 21:35:42,431 - INFO - 第 1 页: 发现 3 行新数据
2025-11-04 21:35:42,432 - INFO - 基金 003985 总页数: 105, 当前页: 1, 当前页行数: 20
2025-11-04 21:35:42,432 - INFO - 基金 003985 已追溯到本地数据，增量爬取结束。
2025-11-04 21:35:42,451 - INFO - 基金 005776 数据已成功保存到本地文件: fund_data/005776.csv
2025-11-04 21:35:42,458 - INFO - 基金 003985 数据已成功保存到本地文件: fund_data/003985.csv
2025-11-04 21:35:42,472 - INFO - 本地已存在基金 007491 数据，共 1508 行，最新日期为: 2025-10-20
2025-11-04 21:35:42,472 - INFO - 正在获取基金 007491 的第 1 页数据...
2025-11-04 21:35:42,474 - INFO - 本地已存在基金 009056 数据，共 1321 行，最新日期为: 2025-10-20
2025-11-04 21:35:42,475 - INFO - 正在获取基金 009056 的第 1 页数据...
2025-11-04 21:35:42,483 - INFO - 第 1 页: 发现 11 行新数据
2025-11-04 21:35:42,483 - INFO - 基金 005538 总页数: 92, 当前页: 1, 当前页行数: 20
2025-11-04 21:35:42,483 - INFO - 基金 005538 已追溯到本地数据，增量爬取结束。
2025-11-04 21:35:42,490 - INFO - 第 1 页: 发现 3 行新数据
2025-11-04 21:35:42,491 - INFO - 基金 004846 总页数: 100, 当前页: 1, 当前页行数: 20
2025-11-04 21:35:42,491 - INFO - 基金 004846 已追溯到本地数据，增量爬取结束。
2025-11-04 21:35:42,502 - INFO - 基金 004846 数据已成功保存到本地文件: fund_data/004846.csv
2025-11-04 21:35:42,509 - INFO - 基金 005538 数据已成功保存到本地文件: fund_data/005538.csv
2025-11-04 21:35:42,521 - INFO - 本地已存在基金 009068 数据，共 1353 行，最新日期为: 2025-10-30
2025-11-04 21:35:42,522 - INFO - 正在获取基金 009068 的第 1 页数据...
2025-11-04 21:35:42,523 - INFO - 本地已存在基金 009856 数据，共 1223 行，最新日期为: 2025-10-20
2025-11-04 21:35:42,524 - INFO - 正在获取基金 009856 的第 1 页数据...
2025-11-04 21:35:43,067 - INFO - 第 1 页: 发现 11 行新数据
2025-11-04 21:35:43,067 - INFO - 基金 009056 总页数: 67, 当前页: 1, 当前页行数: 20
2025-11-04 21:35:43,067 - INFO - 基金 009056 已追溯到本地数据，增量爬取结束。
2025-11-04 21:35:43,076 - INFO - 基金 009056 数据已成功保存到本地文件: fund_data/009056.csv
2025-11-04 21:35:43,085 - INFO - 本地已存在基金 010392 数据，共 1123 行，最新日期为: 2025-10-20
2025-11-04 21:35:43,085 - INFO - 正在获取基金 010392 的第 1 页数据...
2025-11-04 21:35:43,091 - INFO - 第 1 页: 发现 3 行新数据
2025-11-04 21:35:43,091 - INFO - 基金 009068 总页数: 68, 当前页: 1, 当前页行数: 20
2025-11-04 21:35:43,091 - INFO - 基金 009068 已追溯到本地数据，增量爬取结束。
2025-11-04 21:35:43,096 - INFO - 基金 009068 数据已成功保存到本地文件: fund_data/009068.csv
2025-11-04 21:35:43,104 - INFO - 本地已存在基金 010806 数据，共 1178 行，最新日期为: 2025-10-30
2025-11-04 21:35:43,104 - INFO - 正在获取基金 010806 的第 1 页数据...
2025-11-04 21:35:43,110 - INFO - 第 1 页: 发现 11 行新数据
2025-11-04 21:35:43,110 - INFO - 基金 007491 总页数: 76, 当前页: 1, 当前页行数: 20
2025-11-04 21:35:43,110 - INFO - 基金 007491 已追溯到本地数据，增量爬取结束。
2025-11-04 21:35:43,118 - INFO - 基金 007491 数据已成功保存到本地文件: fund_data/007491.csv
2025-11-04 21:35:43,129 - INFO - 本地已存在基金 010913 数据，共 1075 行，最新日期为: 2025-10-30
2025-11-04 21:35:43,129 - INFO - 正在获取基金 010913 的第 1 页数据...
2025-11-04 21:35:43,137 - INFO - 第 1 页: 发现 3 行新数据
2025-11-04 21:35:43,138 - INFO - 基金 005940 总页数: 85, 当前页: 1, 当前页行数: 20
2025-11-04 21:35:43,138 - INFO - 基金 005940 已追溯到本地数据，增量爬取结束。
2025-11-04 21:35:43,144 - INFO - 第 1 页: 发现 11 行新数据
2025-11-04 21:35:43,144 - INFO - 基金 009856 总页数: 62, 当前页: 1, 当前页行数: 20
2025-11-04 21:35:43,145 - INFO - 基金 009856 已追溯到本地数据，增量爬取结束。
2025-11-04 21:35:43,156 - INFO - 基金 009856 数据已成功保存到本地文件: fund_data/009856.csv
2025-11-04 21:35:43,163 - INFO - 基金 005940 数据已成功保存到本地文件: fund_data/005940.csv
2025-11-04 21:35:43,173 - INFO - 本地已存在基金 011513 数据，共 1100 行，最新日期为: 2025-10-30
2025-11-04 21:35:43,173 - INFO - 正在获取基金 011513 的第 1 页数据...
2025-11-04 21:35:43,175 - INFO - 本地已存在基金 011120 数据，共 1167 行，最新日期为: 2025-10-20
2025-11-04 21:35:43,175 - INFO - 正在获取基金 011120 的第 1 页数据...
2025-11-04 21:35:43,728 - INFO - 第 1 页: 发现 11 行新数据
2025-11-04 21:35:43,728 - INFO - 基金 010392 总页数: 57, 当前页: 1, 当前页行数: 20
2025-11-04 21:35:43,729 - INFO - 基金 010392 已追溯到本地数据，增量爬取结束。
2025-11-04 21:35:43,735 - INFO - 基金 010392 数据已成功保存到本地文件: fund_data/010392.csv
2025-11-04 21:35:43,742 - INFO - 本地已存在基金 011705 数据，共 996 行，最新日期为: 2025-10-30
2025-11-04 21:35:43,742 - INFO - 正在获取基金 011705 的第 1 页数据...
2025-11-04 21:35:43,758 - INFO - 第 1 页: 发现 11 行新数据
2025-11-04 21:35:43,758 - INFO - 基金 011120 总页数: 59, 当前页: 1, 当前页行数: 20
2025-11-04 21:35:43,759 - INFO - 基金 011120 已追溯到本地数据，增量爬取结束。
2025-11-04 21:35:43,765 - INFO - 基金 011120 数据已成功保存到本地文件: fund_data/011120.csv
2025-11-04 21:35:43,774 - INFO - 本地已存在基金 011900 数据，共 736 行，最新日期为: 2025-10-30
2025-11-04 21:35:43,774 - INFO - 正在获取基金 011900 的第 1 页数据...
2025-11-04 21:35:43,780 - INFO - 第 1 页: 发现 3 行新数据
2025-11-04 21:35:43,781 - INFO - 基金 010806 总页数: 60, 当前页: 1, 当前页行数: 20
2025-11-04 21:35:43,781 - INFO - 基金 010806 已追溯到本地数据，增量爬取结束。
2025-11-04 21:35:43,785 - INFO - 基金 010806 数据已成功保存到本地文件: fund_data/010806.csv
2025-11-04 21:35:43,793 - INFO - 本地已存在基金 012863 数据，共 1019 行，最新日期为: 2025-10-30
2025-11-04 21:35:43,793 - INFO - 正在获取基金 012863 的第 1 页数据...
2025-11-04 21:35:43,815 - INFO - 第 1 页: 发现 3 行新数据
2025-11-04 21:35:43,815 - INFO - 基金 011513 总页数: 56, 当前页: 1, 当前页行数: 20
2025-11-04 21:35:43,815 - INFO - 基金 011513 已追溯到本地数据，增量爬取结束。
2025-11-04 21:35:43,819 - INFO - 基金 011513 数据已成功保存到本地文件: fund_data/011513.csv
2025-11-04 21:35:43,827 - INFO - 本地已存在基金 013014 数据，共 993 行，最新日期为: 2025-10-30
2025-11-04 21:35:43,827 - INFO - 正在获取基金 013014 的第 1 页数据...
2025-11-04 21:35:43,992 - INFO - 第 1 页: 发现 3 行新数据
2025-11-04 21:35:43,992 - INFO - 基金 010913 总页数: 54, 当前页: 1, 当前页行数: 20
2025-11-04 21:35:43,992 - INFO - 基金 010913 已追溯到本地数据，增量爬取结束。
2025-11-04 21:35:43,996 - INFO - 基金 010913 数据已成功保存到本地文件: fund_data/010913.csv
2025-11-04 21:35:44,004 - INFO - 本地已存在基金 013048 数据，共 1041 行，最新日期为: 2025-10-30
2025-11-04 21:35:44,004 - INFO - 正在获取基金 013048 的第 1 页数据...
2025-11-04 21:35:44,300 - INFO - 第 1 页: 发现 3 行新数据
2025-11-04 21:35:44,300 - INFO - 基金 011705 总页数: 50, 当前页: 1, 当前页行数: 20
2025-11-04 21:35:44,300 - INFO - 基金 011705 已追溯到本地数据，增量爬取结束。
2025-11-04 21:35:44,304 - INFO - 基金 011705 数据已成功保存到本地文件: fund_data/011705.csv
2025-11-04 21:35:44,312 - INFO - 本地已存在基金 013180 数据，共 1018 行，最新日期为: 2025-10-30
2025-11-04 21:35:44,312 - INFO - 正在获取基金 013180 的第 1 页数据...
2025-11-04 21:35:44,363 - INFO - 第 1 页: 发现 3 行新数据
2025-11-04 21:35:44,363 - INFO - 基金 011900 总页数: 37, 当前页: 1, 当前页行数: 20
2025-11-04 21:35:44,363 - INFO - 基金 011900 已追溯到本地数据，增量爬取结束。
2025-11-04 21:35:44,368 - INFO - 基金 011900 数据已成功保存到本地文件: fund_data/011900.csv
2025-11-04 21:35:44,377 - INFO - 本地已存在基金 013196 数据，共 1009 行，最新日期为: 2025-10-30
2025-11-04 21:35:44,377 - INFO - 正在获取基金 013196 的第 1 页数据...
2025-11-04 21:35:44,383 - INFO - 第 1 页: 发现 3 行新数据
2025-11-04 21:35:44,384 - INFO - 基金 012863 总页数: 52, 当前页: 1, 当前页行数: 20
2025-11-04 21:35:44,384 - INFO - 基金 012863 已追溯到本地数据，增量爬取结束。
2025-11-04 21:35:44,390 - INFO - 基金 012863 数据已成功保存到本地文件: fund_data/012863.csv
2025-11-04 21:35:44,398 - INFO - 本地已存在基金 013370 数据，共 858 行，最新日期为: 2025-10-30
2025-11-04 21:35:44,398 - INFO - 正在获取基金 013370 的第 1 页数据...
2025-11-04 21:35:44,407 - INFO - 第 1 页: 发现 3 行新数据
2025-11-04 21:35:44,408 - INFO - 基金 013014 总页数: 50, 当前页: 1, 当前页行数: 20
2025-11-04 21:35:44,408 - INFO - 基金 013014 已追溯到本地数据，增量爬取结束。
2025-11-04 21:35:44,412 - INFO - 基金 013014 数据已成功保存到本地文件: fund_data/013014.csv
2025-11-04 21:35:44,420 - INFO - 本地已存在基金 013722 数据，共 912 行，最新日期为: 2025-10-20
2025-11-04 21:35:44,420 - INFO - 正在获取基金 013722 的第 1 页数据...
2025-11-04 21:35:44,634 - INFO - 第 1 页: 发现 3 行新数据
2025-11-04 21:35:44,634 - INFO - 基金 013048 总页数: 53, 当前页: 1, 当前页行数: 20
2025-11-04 21:35:44,635 - INFO - 基金 013048 已追溯到本地数据，增量爬取结束。
2025-11-04 21:35:44,638 - INFO - 基金 013048 数据已成功保存到本地文件: fund_data/013048.csv
2025-11-04 21:35:44,647 - INFO - 本地已存在基金 013841 数据，共 902 行，最新日期为: 2025-10-20
2025-11-04 21:35:44,647 - INFO - 正在获取基金 013841 的第 1 页数据...
2025-11-04 21:35:44,977 - INFO - 第 1 页: 发现 3 行新数据
2025-11-04 21:35:44,977 - INFO - 基金 013196 总页数: 51, 当前页: 1, 当前页行数: 20
2025-11-04 21:35:44,977 - INFO - 基金 013196 已追溯到本地数据，增量爬取结束。
2025-11-04 21:35:44,981 - INFO - 基金 013196 数据已成功保存到本地文件: fund_data/013196.csv
2025-11-04 21:35:44,988 - INFO - 本地已存在基金 013843 数据，共 834 行，最新日期为: 2025-10-30
2025-11-04 21:35:44,988 - INFO - 正在获取基金 013843 的第 1 页数据...
2025-11-04 21:35:45,022 - INFO - 第 1 页: 发现 3 行新数据
2025-11-04 21:35:45,023 - INFO - 基金 013180 总页数: 52, 当前页: 1, 当前页行数: 20
2025-11-04 21:35:45,023 - INFO - 基金 013180 已追溯到本地数据，增量爬取结束。
2025-11-04 21:35:45,029 - INFO - 基金 013180 数据已成功保存到本地文件: fund_data/013180.csv
2025-11-04 21:35:45,036 - INFO - 本地已存在基金 014143 数据，共 950 行，最新日期为: 2025-10-20
2025-11-04 21:35:45,037 - INFO - 正在获取基金 014143 的第 1 页数据...
2025-11-04 21:35:45,089 - INFO - 第 1 页: 发现 3 行新数据
2025-11-04 21:35:45,089 - INFO - 基金 013370 总页数: 44, 当前页: 1, 当前页行数: 20
2025-11-04 21:35:45,089 - INFO - 基金 013370 已追溯到本地数据，增量爬取结束。
2025-11-04 21:35:45,095 - INFO - 基金 013370 数据已成功保存到本地文件: fund_data/013370.csv
2025-11-04 21:35:45,104 - INFO - 本地已存在基金 014194 数据，共 937 行，最新日期为: 2025-10-20
2025-11-04 21:35:45,104 - INFO - 正在获取基金 014194 的第 1 页数据...
2025-11-04 21:35:45,123 - INFO - 第 1 页: 发现 11 行新数据
2025-11-04 21:35:45,123 - INFO - 基金 013722 总页数: 47, 当前页: 1, 当前页行数: 20
2025-11-04 21:35:45,124 - INFO - 基金 013722 已追溯到本地数据，增量爬取结束。
2025-11-04 21:35:45,129 - INFO - 基金 013722 数据已成功保存到本地文件: fund_data/013722.csv
2025-11-04 21:35:45,138 - INFO - 本地已存在基金 014320 数据，共 919 行，最新日期为: 2025-10-20
2025-11-04 21:35:45,138 - INFO - 正在获取基金 014320 的第 1 页数据...
2025-11-04 21:35:45,241 - INFO - 第 1 页: 发现 11 行新数据
2025-11-04 21:35:45,241 - INFO - 基金 013841 总页数: 46, 当前页: 1, 当前页行数: 20
2025-11-04 21:35:45,242 - INFO - 基金 013841 已追溯到本地数据，增量爬取结束。
2025-11-04 21:35:45,247 - INFO - 基金 013841 数据已成功保存到本地文件: fund_data/013841.csv
2025-11-04 21:35:45,255 - INFO - 本地已存在基金 014497 数据，共 936 行，最新日期为: 2025-10-30
2025-11-04 21:35:45,255 - INFO - 正在获取基金 014497 的第 1 页数据...
2025-11-04 21:35:45,632 - INFO - 第 1 页: 发现 3 行新数据
2025-11-04 21:35:45,632 - INFO - 基金 013843 总页数: 42, 当前页: 1, 当前页行数: 20
2025-11-04 21:35:45,632 - INFO - 基金 013843 已追溯到本地数据，增量爬取结束。
2025-11-04 21:35:45,636 - INFO - 基金 013843 数据已成功保存到本地文件: fund_data/013843.csv
2025-11-04 21:35:45,643 - INFO - 本地已存在基金 014536 数据，共 928 行，最新日期为: 2025-10-20
2025-11-04 21:35:45,643 - INFO - 正在获取基金 014536 的第 1 页数据...
2025-11-04 21:35:45,701 - INFO - 第 1 页: 发现 11 行新数据
2025-11-04 21:35:45,701 - INFO - 基金 014143 总页数: 49, 当前页: 1, 当前页行数: 20
2025-11-04 21:35:45,701 - INFO - 基金 014143 已追溯到本地数据，增量爬取结束。
2025-11-04 21:35:45,707 - INFO - 基金 014143 数据已成功保存到本地文件: fund_data/014143.csv
2025-11-04 21:35:45,716 - INFO - 本地已存在基金 014581 数据，共 927 行，最新日期为: 2025-10-20
2025-11-04 21:35:45,717 - INFO - 正在获取基金 014581 的第 1 页数据...
2025-11-04 21:35:45,722 - INFO - 第 1 页: 发现 11 行新数据
2025-11-04 21:35:45,722 - INFO - 基金 014320 总页数: 47, 当前页: 1, 当前页行数: 20
2025-11-04 21:35:45,722 - INFO - 基金 014320 已追溯到本地数据，增量爬取结束。
2025-11-04 21:35:45,727 - INFO - 基金 014320 数据已成功保存到本地文件: fund_data/014320.csv
2025-11-04 21:35:45,735 - INFO - 本地已存在基金 014766 数据，共 879 行，最新日期为: 2025-10-30
2025-11-04 21:35:45,735 - INFO - 正在获取基金 014766 的第 1 页数据...
2025-11-04 21:35:45,769 - INFO - 第 1 页: 发现 11 行新数据
2025-11-04 21:35:45,769 - INFO - 基金 014194 总页数: 48, 当前页: 1, 当前页行数: 20
2025-11-04 21:35:45,769 - INFO - 基金 014194 已追溯到本地数据，增量爬取结束。
2025-11-04 21:35:45,775 - INFO - 基金 014194 数据已成功保存到本地文件: fund_data/014194.csv
2025-11-04 21:35:45,782 - INFO - 本地已存在基金 014855 数据，共 840 行，最新日期为: 2025-10-20
2025-11-04 21:35:45,782 - INFO - 正在获取基金 014855 的第 1 页数据...
2025-11-04 21:35:45,866 - INFO - 第 1 页: 发现 3 行新数据
2025-11-04 21:35:45,866 - INFO - 基金 014497 总页数: 47, 当前页: 1, 当前页行数: 20
2025-11-04 21:35:45,866 - INFO - 基金 014497 已追溯到本地数据，增量爬取结束。
2025-11-04 21:35:45,871 - INFO - 基金 014497 数据已成功保存到本地文件: fund_data/014497.csv
2025-11-04 21:35:45,879 - INFO - 本地已存在基金 014951 数据，共 855 行，最新日期为: 2025-10-30
2025-11-04 21:35:45,880 - INFO - 正在获取基金 014951 的第 1 页数据...
2025-11-04 21:35:46,309 - INFO - 第 1 页: 发现 11 行新数据
2025-11-04 21:35:46,310 - INFO - 基金 014536 总页数: 47, 当前页: 1, 当前页行数: 20
2025-11-04 21:35:46,310 - INFO - 基金 014536 已追溯到本地数据，增量爬取结束。
2025-11-04 21:35:46,315 - INFO - 基金 014536 数据已成功保存到本地文件: fund_data/014536.csv
2025-11-04 21:35:46,323 - INFO - 本地已存在基金 015585 数据，共 835 行，最新日期为: 2025-10-20
2025-11-04 21:35:46,323 - INFO - 正在获取基金 015585 的第 1 页数据...
2025-11-04 21:35:46,338 - INFO - 第 1 页: 发现 11 行新数据
2025-11-04 21:35:46,338 - INFO - 基金 014581 总页数: 47, 当前页: 1, 当前页行数: 20
2025-11-04 21:35:46,338 - INFO - 基金 014581 已追溯到本地数据，增量爬取结束。
2025-11-04 21:35:46,344 - INFO - 基金 014581 数据已成功保存到本地文件: fund_data/014581.csv
2025-11-04 21:35:46,350 - INFO - 本地已存在基金 015687 数据，共 844 行，最新日期为: 2025-10-30
2025-11-04 21:35:46,351 - INFO - 正在获取基金 015687 的第 1 页数据...
2025-11-04 21:35:46,493 - INFO - 第 1 页: 发现 3 行新数据
2025-11-04 21:35:46,493 - INFO - 基金 014766 总页数: 45, 当前页: 1, 当前页行数: 20
2025-11-04 21:35:46,493 - INFO - 基金 014766 已追溯到本地数据，增量爬取结束。
2025-11-04 21:35:46,498 - INFO - 基金 014766 数据已成功保存到本地文件: fund_data/014766.csv
2025-11-04 21:35:46,507 - INFO - 本地已存在基金 015773 数据，共 837 行，最新日期为: 2025-10-20
2025-11-04 21:35:46,507 - INFO - 正在获取基金 015773 的第 1 页数据...
2025-11-04 21:35:46,512 - INFO - 第 1 页: 发现 11 行新数据
2025-11-04 21:35:46,512 - INFO - 基金 014855 总页数: 43, 当前页: 1, 当前页行数: 20
2025-11-04 21:35:46,513 - INFO - 基金 014855 已追溯到本地数据，增量爬取结束。
2025-11-04 21:35:46,517 - INFO - 基金 014855 数据已成功保存到本地文件: fund_data/014855.csv
2025-11-04 21:35:46,525 - INFO - 本地已存在基金 015874 数据，共 799 行，最新日期为: 2025-10-30
2025-11-04 21:35:46,525 - INFO - 正在获取基金 015874 的第 1 页数据...
2025-11-04 21:35:46,566 - INFO - 第 1 页: 发现 3 行新数据
2025-11-04 21:35:46,567 - INFO - 基金 014951 总页数: 43, 当前页: 1, 当前页行数: 20
2025-11-04 21:35:46,567 - INFO - 基金 014951 已追溯到本地数据，增量爬取结束。
2025-11-04 21:35:46,572 - INFO - 基金 014951 数据已成功保存到本地文件: fund_data/014951.csv
2025-11-04 21:35:46,579 - INFO - 本地已存在基金 015998 数据，共 814 行，最新日期为: 2025-10-30
2025-11-04 21:35:46,580 - INFO - 正在获取基金 015998 的第 1 页数据...
2025-11-04 21:35:46,941 - INFO - 第 1 页: 发现 3 行新数据
2025-11-04 21:35:46,941 - INFO - 基金 015687 总页数: 43, 当前页: 1, 当前页行数: 20
2025-11-04 21:35:46,942 - INFO - 基金 015687 已追溯到本地数据，增量爬取结束。
2025-11-04 21:35:46,945 - INFO - 基金 015687 数据已成功保存到本地文件: fund_data/015687.csv
2025-11-04 21:35:46,952 - INFO - 本地已存在基金 016020 数据，共 802 行，最新日期为: 2025-10-30
2025-11-04 21:35:46,953 - INFO - 正在获取基金 016020 的第 1 页数据...
2025-11-04 21:35:47,200 - INFO - 第 1 页: 发现 3 行新数据
2025-11-04 21:35:47,201 - INFO - 基金 015998 总页数: 41, 当前页: 1, 当前页行数: 20
2025-11-04 21:35:47,201 - INFO - 基金 015998 已追溯到本地数据，增量爬取结束。
2025-11-04 21:35:47,207 - INFO - 基金 015998 数据已成功保存到本地文件: fund_data/015998.csv
2025-11-04 21:35:47,215 - INFO - 本地已存在基金 016158 数据，共 696 行，最新日期为: 2025-10-30
2025-11-04 21:35:47,216 - INFO - 正在获取基金 016158 的第 1 页数据...
2025-11-04 21:35:47,221 - INFO - 第 1 页: 发现 3 行新数据
2025-11-04 21:35:47,221 - INFO - 基金 015874 总页数: 41, 当前页: 1, 当前页行数: 20
2025-11-04 21:35:47,221 - INFO - 基金 015874 已追溯到本地数据，增量爬取结束。
2025-11-04 21:35:47,227 - INFO - 基金 015874 数据已成功保存到本地文件: fund_data/015874.csv
2025-11-04 21:35:47,235 - INFO - 本地已存在基金 016262 数据，共 797 行，最新日期为: 2025-10-30
2025-11-04 21:35:47,235 - INFO - 正在获取基金 016262 的第 1 页数据...
2025-11-04 21:35:47,240 - INFO - 第 1 页: 发现 11 行新数据
2025-11-04 21:35:47,240 - INFO - 基金 015773 总页数: 43, 当前页: 1, 当前页行数: 20
2025-11-04 21:35:47,240 - INFO - 基金 015773 已追溯到本地数据，增量爬取结束。
2025-11-04 21:35:47,245 - INFO - 基金 015773 数据已成功保存到本地文件: fund_data/015773.csv
2025-11-04 21:35:47,252 - INFO - 本地已存在基金 016373 数据，共 746 行，最新日期为: 2025-10-30
2025-11-04 21:35:47,253 - INFO - 正在获取基金 016373 的第 1 页数据...
2025-11-04 21:35:47,340 - INFO - 第 1 页: 发现 11 行新数据
2025-11-04 21:35:47,340 - INFO - 基金 015585 总页数: 43, 当前页: 1, 当前页行数: 20
2025-11-04 21:35:47,340 - INFO - 基金 015585 已追溯到本地数据，增量爬取结束。
2025-11-04 21:35:47,345 - INFO - 基金 015585 数据已成功保存到本地文件: fund_data/015585.csv
2025-11-04 21:35:47,352 - INFO - 本地已存在基金 016461 数据，共 765 行，最新日期为: 2025-10-20
2025-11-04 21:35:47,352 - INFO - 正在获取基金 016461 的第 1 页数据...
2025-11-04 21:35:47,660 - INFO - 第 1 页: 发现 3 行新数据
2025-11-04 21:35:47,661 - INFO - 基金 016020 总页数: 41, 当前页: 1, 当前页行数: 20
2025-11-04 21:35:47,661 - INFO - 基金 016020 已追溯到本地数据，增量爬取结束。
2025-11-04 21:35:47,666 - INFO - 基金 016020 数据已成功保存到本地文件: fund_data/016020.csv
2025-11-04 21:35:47,673 - INFO - 本地已存在基金 016486 数据，共 670 行，最新日期为: 2025-10-30
2025-11-04 21:35:47,673 - INFO - 正在获取基金 016486 的第 1 页数据...
2025-11-04 21:35:47,805 - INFO - 第 1 页: 发现 3 行新数据
2025-11-04 21:35:47,805 - INFO - 基金 016262 总页数: 40, 当前页: 1, 当前页行数: 20
2025-11-04 21:35:47,805 - INFO - 基金 016262 已追溯到本地数据，增量爬取结束。
2025-11-04 21:35:47,809 - INFO - 基金 016262 数据已成功保存到本地文件: fund_data/016262.csv
2025-11-04 21:35:47,816 - INFO - 本地已存在基金 016501 数据，共 739 行，最新日期为: 2025-10-20
2025-11-04 21:35:47,816 - INFO - 正在获取基金 016501 的第 1 页数据...
2025-11-04 21:35:47,836 - INFO - 第 1 页: 发现 3 行新数据
2025-11-04 21:35:47,836 - INFO - 基金 016373 总页数: 38, 当前页: 1, 当前页行数: 20
2025-11-04 21:35:47,836 - INFO - 基金 016373 已追溯到本地数据，增量爬取结束。
2025-11-04 21:35:47,841 - INFO - 基金 016373 数据已成功保存到本地文件: fund_data/016373.csv
2025-11-04 21:35:47,848 - INFO - 本地已存在基金 016567 数据，共 752 行，最新日期为: 2025-10-30
2025-11-04 21:35:47,848 - INFO - 正在获取基金 016567 的第 1 页数据...
2025-11-04 21:35:47,873 - INFO - 第 1 页: 发现 3 行新数据
2025-11-04 21:35:47,873 - INFO - 基金 016158 总页数: 35, 当前页: 1, 当前页行数: 20
2025-11-04 21:35:47,874 - INFO - 基金 016158 已追溯到本地数据，增量爬取结束。
2025-11-04 21:35:47,877 - INFO - 基金 016158 数据已成功保存到本地文件: fund_data/016158.csv
2025-11-04 21:35:47,884 - INFO - 本地已存在基金 016579 数据，共 748 行，最新日期为: 2025-10-20
2025-11-04 21:35:47,884 - INFO - 正在获取基金 016579 的第 1 页数据...
2025-11-04 21:35:47,919 - INFO - 第 1 页: 发现 11 行新数据
2025-11-04 21:35:47,919 - INFO - 基金 016461 总页数: 39, 当前页: 1, 当前页行数: 20
2025-11-04 21:35:47,919 - INFO - 基金 016461 已追溯到本地数据，增量爬取结束。
2025-11-04 21:35:47,924 - INFO - 基金 016461 数据已成功保存到本地文件: fund_data/016461.csv
2025-11-04 21:35:47,931 - INFO - 本地已存在基金 017074 数据，共 685 行，最新日期为: 2025-10-30
2025-11-04 21:35:47,931 - INFO - 正在获取基金 017074 的第 1 页数据...
2025-11-04 21:35:48,412 - INFO - 第 1 页: 发现 3 行新数据
2025-11-04 21:35:48,412 - INFO - 基金 016486 总页数: 34, 当前页: 1, 当前页行数: 20
2025-11-04 21:35:48,412 - INFO - 基金 016486 已追溯到本地数据，增量爬取结束。
2025-11-04 21:35:48,417 - INFO - 基金 016486 数据已成功保存到本地文件: fund_data/016486.csv
2025-11-04 21:35:48,424 - INFO - 本地已存在基金 017076 数据，共 688 行，最新日期为: 2025-10-30
2025-11-04 21:35:48,425 - INFO - 正在获取基金 017076 的第 1 页数据...
2025-11-04 21:35:48,608 - INFO - 第 1 页: 发现 3 行新数据
2025-11-04 21:35:48,608 - INFO - 基金 017074 总页数: 35, 当前页: 1, 当前页行数: 20
2025-11-04 21:35:48,608 - INFO - 基金 017074 已追溯到本地数据，增量爬取结束。
2025-11-04 21:35:48,613 - INFO - 基金 017074 数据已成功保存到本地文件: fund_data/017074.csv
2025-11-04 21:35:48,620 - INFO - 本地已存在基金 017166 数据，共 600 行，最新日期为: 2025-10-30
2025-11-04 21:35:48,620 - INFO - 正在获取基金 017166 的第 1 页数据...
2025-11-04 21:35:48,657 - INFO - 第 1 页: 发现 11 行新数据
2025-11-04 21:35:48,657 - INFO - 基金 016579 总页数: 38, 当前页: 1, 当前页行数: 20
2025-11-04 21:35:48,658 - INFO - 基金 016579 已追溯到本地数据，增量爬取结束。
2025-11-04 21:35:48,662 - INFO - 基金 016579 数据已成功保存到本地文件: fund_data/016579.csv
2025-11-04 21:35:48,669 - INFO - 本地已存在基金 017223 数据，共 704 行，最新日期为: 2025-10-30
2025-11-04 21:35:48,670 - INFO - 正在获取基金 017223 的第 1 页数据...
2025-11-04 21:35:48,896 - INFO - 第 1 页: 发现 3 行新数据
2025-11-04 21:35:48,896 - INFO - 基金 016567 总页数: 38, 当前页: 1, 当前页行数: 20
2025-11-04 21:35:48,896 - INFO - 基金 016567 已追溯到本地数据，增量爬取结束。
2025-11-04 21:35:48,900 - INFO - 基金 016567 数据已成功保存到本地文件: fund_data/016567.csv
2025-11-04 21:35:48,907 - INFO - 本地已存在基金 017470 数据，共 702 行，最新日期为: 2025-10-30
2025-11-04 21:35:48,908 - INFO - 正在获取基金 017470 的第 1 页数据...
2025-11-04 21:35:48,950 - INFO - 第 1 页: 发现 11 行新数据
2025-11-04 21:35:48,951 - INFO - 基金 016501 总页数: 38, 当前页: 1, 当前页行数: 20
2025-11-04 21:35:48,951 - INFO - 基金 016501 已追溯到本地数据，增量爬取结束。
2025-11-04 21:35:48,956 - INFO - 基金 016501 数据已成功保存到本地文件: fund_data/016501.csv
2025-11-04 21:35:48,963 - INFO - 本地已存在基金 017560 数据，共 688 行，最新日期为: 2025-10-30
2025-11-04 21:35:48,963 - INFO - 正在获取基金 017560 的第 1 页数据...
2025-11-04 21:35:49,024 - INFO - 第 1 页: 发现 3 行新数据
2025-11-04 21:35:49,024 - INFO - 基金 017076 总页数: 35, 当前页: 1, 当前页行数: 20
2025-11-04 21:35:49,025 - INFO - 基金 017076 已追溯到本地数据，增量爬取结束。
2025-11-04 21:35:49,029 - INFO - 基金 017076 数据已成功保存到本地文件: fund_data/017076.csv
2025-11-04 21:35:49,036 - INFO - 本地已存在基金 017747 数据，共 576 行，最新日期为: 2025-10-30
2025-11-04 21:35:49,036 - INFO - 正在获取基金 017747 的第 1 页数据...
2025-11-04 21:35:49,200 - INFO - 第 1 页: 发现 3 行新数据
2025-11-04 21:35:49,200 - INFO - 基金 017166 总页数: 31, 当前页: 1, 当前页行数: 20
2025-11-04 21:35:49,201 - INFO - 基金 017166 已追溯到本地数据，增量爬取结束。
2025-11-04 21:35:49,205 - INFO - 基金 017166 数据已成功保存到本地文件: fund_data/017166.csv
2025-11-04 21:35:49,212 - INFO - 本地已存在基金 017811 数据，共 656 行，最新日期为: 2025-11-03
2025-11-04 21:35:49,212 - INFO - 正在获取基金 017811 的第 1 页数据...
2025-11-04 21:35:49,233 - INFO - 第 1 页: 发现 3 行新数据
2025-11-04 21:35:49,234 - INFO - 基金 017223 总页数: 36, 当前页: 1, 当前页行数: 20
2025-11-04 21:35:49,234 - INFO - 基金 017223 已追溯到本地数据，增量爬取结束。
2025-11-04 21:35:49,237 - INFO - 基金 017223 数据已成功保存到本地文件: fund_data/017223.csv
2025-11-04 21:35:49,244 - INFO - 本地已存在基金 017968 数据，共 643 行，最新日期为: 2025-10-30
2025-11-04 21:35:49,244 - INFO - 正在获取基金 017968 的第 1 页数据...
2025-11-04 21:35:49,558 - INFO - 第 1 页: 发现 3 行新数据
2025-11-04 21:35:49,558 - INFO - 基金 017560 总页数: 35, 当前页: 1, 当前页行数: 20
2025-11-04 21:35:49,558 - INFO - 基金 017560 已追溯到本地数据，增量爬取结束。
2025-11-04 21:35:49,563 - INFO - 基金 017560 数据已成功保存到本地文件: fund_data/017560.csv
2025-11-04 21:35:49,570 - INFO - 本地已存在基金 018288 数据，共 576 行，最新日期为: 2025-10-30
2025-11-04 21:35:49,570 - INFO - 正在获取基金 018288 的第 1 页数据...
2025-11-04 21:35:49,596 - INFO - 第 1 页: 发现 3 行新数据
2025-11-04 21:35:49,596 - INFO - 基金 017470 总页数: 36, 当前页: 1, 当前页行数: 20
2025-11-04 21:35:49,596 - INFO - 基金 017470 已追溯到本地数据，增量爬取结束。
2025-11-04 21:35:49,600 - INFO - 基金 017470 数据已成功保存到本地文件: fund_data/017470.csv
2025-11-04 21:35:49,607 - INFO - 本地已存在基金 018326 数据，共 581 行，最新日期为: 2025-10-30
2025-11-04 21:35:49,608 - INFO - 正在获取基金 018326 的第 1 页数据...
2025-11-04 21:35:49,684 - INFO - 第 1 页: 发现 3 行新数据
2025-11-04 21:35:49,684 - INFO - 基金 017747 总页数: 29, 当前页: 1, 当前页行数: 20
2025-11-04 21:35:49,684 - INFO - 基金 017747 已追溯到本地数据，增量爬取结束。
2025-11-04 21:35:49,688 - INFO - 基金 017747 数据已成功保存到本地文件: fund_data/017747.csv
2025-11-04 21:35:49,696 - INFO - 本地已存在基金 018380 数据，共 604 行，最新日期为: 2025-10-30
2025-11-04 21:35:49,696 - INFO - 正在获取基金 018380 的第 1 页数据...
2025-11-04 21:35:49,847 - INFO - 第 1 页: 发现 3 行新数据
2025-11-04 21:35:49,847 - INFO - 基金 017968 总页数: 33, 当前页: 1, 当前页行数: 20
2025-11-04 21:35:49,848 - INFO - 基金 017968 已追溯到本地数据，增量爬取结束。
2025-11-04 21:35:49,852 - INFO - 基金 017968 数据已成功保存到本地文件: fund_data/017968.csv
2025-11-04 21:35:49,860 - INFO - 本地已存在基金 018638 数据，共 585 行，最新日期为: 2025-10-30
2025-11-04 21:35:49,860 - INFO - 正在获取基金 018638 的第 1 页数据...
2025-11-04 21:35:49,869 - INFO - 第 1 页: 发现 1 行新数据
2025-11-04 21:35:49,869 - INFO - 基金 017811 总页数: 33, 当前页: 1, 当前页行数: 20
2025-11-04 21:35:49,870 - INFO - 基金 017811 已追溯到本地数据，增量爬取结束。
2025-11-04 21:35:49,873 - INFO - 基金 017811 数据已成功保存到本地文件: fund_data/017811.csv
2025-11-04 21:35:49,881 - INFO - 本地已存在基金 018927 数据，共 462 行，最新日期为: 2025-10-30
2025-11-04 21:35:49,881 - INFO - 正在获取基金 018927 的第 1 页数据...
2025-11-04 21:35:50,214 - INFO - 第 1 页: 发现 3 行新数据
2025-11-04 21:35:50,214 - INFO - 基金 018288 总页数: 29, 当前页: 1, 当前页行数: 20
2025-11-04 21:35:50,214 - INFO - 基金 018288 已追溯到本地数据，增量爬取结束。
2025-11-04 21:35:50,218 - INFO - 基金 018288 数据已成功保存到本地文件: fund_data/018288.csv
2025-11-04 21:35:50,226 - INFO - 本地已存在基金 019571 数据，共 497 行，最新日期为: 2025-10-20
2025-11-04 21:35:50,226 - INFO - 正在获取基金 019571 的第 1 页数据...
2025-11-04 21:35:50,247 - INFO - 第 1 页: 发现 3 行新数据
2025-11-04 21:35:50,247 - INFO - 基金 018326 总页数: 30, 当前页: 1, 当前页行数: 20
2025-11-04 21:35:50,247 - INFO - 基金 018326 已追溯到本地数据，增量爬取结束。
2025-11-04 21:35:50,251 - INFO - 基金 018326 数据已成功保存到本地文件: fund_data/018326.csv
2025-11-04 21:35:50,258 - INFO - 本地已存在基金 019633 数据，共 502 行，最新日期为: 2025-10-30
2025-11-04 21:35:50,258 - INFO - 正在获取基金 019633 的第 1 页数据...
2025-11-04 21:35:50,400 - INFO - 第 1 页: 发现 3 行新数据
2025-11-04 21:35:50,400 - INFO - 基金 018380 总页数: 31, 当前页: 1, 当前页行数: 20
2025-11-04 21:35:50,401 - INFO - 基金 018380 已追溯到本地数据，增量爬取结束。
2025-11-04 21:35:50,405 - INFO - 基金 018380 数据已成功保存到本地文件: fund_data/018380.csv
2025-11-04 21:35:50,412 - INFO - 本地已存在基金 019925 数据，共 476 行，最新日期为: 2025-10-20
2025-11-04 21:35:50,412 - INFO - 正在获取基金 019925 的第 1 页数据...
2025-11-04 21:35:50,429 - INFO - 第 1 页: 发现 3 行新数据
2025-11-04 21:35:50,429 - INFO - 基金 018927 总页数: 24, 当前页: 1, 当前页行数: 20
2025-11-04 21:35:50,429 - INFO - 基金 018927 已追溯到本地数据，增量爬取结束。
2025-11-04 21:35:50,432 - INFO - 基金 018927 数据已成功保存到本地文件: fund_data/018927.csv
2025-11-04 21:35:50,439 - INFO - 本地已存在基金 020357 数据，共 415 行，最新日期为: 2025-10-30
2025-11-04 21:35:50,439 - INFO - 正在获取基金 020357 的第 1 页数据...
2025-11-04 21:35:50,472 - INFO - 第 1 页: 发现 3 行新数据
2025-11-04 21:35:50,472 - INFO - 基金 018638 总页数: 30, 当前页: 1, 当前页行数: 20
2025-11-04 21:35:50,472 - INFO - 基金 018638 已追溯到本地数据，增量爬取结束。
2025-11-04 21:35:50,476 - INFO - 基金 018638 数据已成功保存到本地文件: fund_data/018638.csv
2025-11-04 21:35:50,483 - INFO - 本地已存在基金 020465 数据，共 420 行，最新日期为: 2025-10-30
2025-11-04 21:35:50,484 - INFO - 正在获取基金 020465 的第 1 页数据...
2025-11-04 21:35:50,783 - INFO - 第 1 页: 发现 11 行新数据
2025-11-04 21:35:50,783 - INFO - 基金 019571 总页数: 26, 当前页: 1, 当前页行数: 20
2025-11-04 21:35:50,784 - INFO - 基金 019571 已追溯到本地数据，增量爬取结束。
2025-11-04 21:35:50,788 - INFO - 基金 019571 数据已成功保存到本地文件: fund_data/019571.csv
2025-11-04 21:35:50,795 - INFO - 本地已存在基金 020470 数据，共 393 行，最新日期为: 2025-10-30
2025-11-04 21:35:50,795 - INFO - 正在获取基金 020470 的第 1 页数据...
2025-11-04 21:35:50,846 - INFO - 第 1 页: 发现 3 行新数据
2025-11-04 21:35:50,846 - INFO - 基金 019633 总页数: 26, 当前页: 1, 当前页行数: 20
2025-11-04 21:35:50,846 - INFO - 基金 019633 已追溯到本地数据，增量爬取结束。
2025-11-04 21:35:50,849 - INFO - 基金 019633 数据已成功保存到本地文件: fund_data/019633.csv
2025-11-04 21:35:50,856 - INFO - 本地已存在基金 020477 数据，共 345 行，最新日期为: 2025-10-30
2025-11-04 21:35:50,857 - INFO - 正在获取基金 020477 的第 1 页数据...
2025-11-04 21:35:51,055 - INFO - 第 1 页: 发现 3 行新数据
2025-11-04 21:35:51,055 - INFO - 基金 020357 总页数: 21, 当前页: 1, 当前页行数: 20
2025-11-04 21:35:51,056 - INFO - 基金 020357 已追溯到本地数据，增量爬取结束。
2025-11-04 21:35:51,058 - INFO - 基金 020357 数据已成功保存到本地文件: fund_data/020357.csv
2025-11-04 21:35:51,066 - INFO - 本地已存在基金 020629 数据，共 393 行，最新日期为: 2025-10-30
2025-11-04 21:35:51,066 - INFO - 正在获取基金 020629 的第 1 页数据...
2025-11-04 21:35:51,086 - INFO - 第 1 页: 发现 11 行新数据
2025-11-04 21:35:51,086 - INFO - 基金 019925 总页数: 25, 当前页: 1, 当前页行数: 20
2025-11-04 21:35:51,087 - INFO - 基金 019925 已追溯到本地数据，增量爬取结束。
2025-11-04 21:35:51,091 - INFO - 基金 019925 数据已成功保存到本地文件: fund_data/019925.csv
2025-11-04 21:35:51,097 - INFO - 本地已存在基金 020640 数据，共 401 行，最新日期为: 2025-10-30
2025-11-04 21:35:51,097 - INFO - 正在获取基金 020640 的第 1 页数据...
2025-11-04 21:35:51,143 - INFO - 第 1 页: 发现 3 行新数据
2025-11-04 21:35:51,143 - INFO - 基金 020465 总页数: 22, 当前页: 1, 当前页行数: 20
2025-11-04 21:35:51,143 - INFO - 基金 020465 已追溯到本地数据，增量爬取结束。
2025-11-04 21:35:51,147 - INFO - 基金 020465 数据已成功保存到本地文件: fund_data/020465.csv
2025-11-04 21:35:51,154 - INFO - 本地已存在基金 020671 数据，共 417 行，最新日期为: 2025-10-30
2025-11-04 21:35:51,154 - INFO - 正在获取基金 020671 的第 1 页数据...
2025-11-04 21:35:51,436 - INFO - 第 1 页: 发现 3 行新数据
2025-11-04 21:35:51,436 - INFO - 基金 020477 总页数: 18, 当前页: 1, 当前页行数: 20
2025-11-04 21:35:51,436 - INFO - 基金 020477 已追溯到本地数据，增量爬取结束。
2025-11-04 21:35:51,440 - INFO - 基金 020477 数据已成功保存到本地文件: fund_data/020477.csv
2025-11-04 21:35:51,447 - INFO - 本地已存在基金 020840 数据，共 380 行，最新日期为: 2025-10-30
2025-11-04 21:35:51,448 - INFO - 正在获取基金 020840 的第 1 页数据...
2025-11-04 21:35:51,582 - INFO - 第 1 页: 发现 3 行新数据
2025-11-04 21:35:51,582 - INFO - 基金 020470 总页数: 20, 当前页: 1, 当前页行数: 20
2025-11-04 21:35:51,583 - INFO - 基金 020470 已追溯到本地数据，增量爬取结束。
2025-11-04 21:35:51,587 - INFO - 基金 020470 数据已成功保存到本地文件: fund_data/020470.csv
2025-11-04 21:35:51,594 - INFO - 本地已存在基金 021225 数据，共 276 行，最新日期为: 2025-10-30
2025-11-04 21:35:51,594 - INFO - 正在获取基金 021225 的第 1 页数据...
2025-11-04 21:35:51,726 - INFO - 第 1 页: 发现 3 行新数据
2025-11-04 21:35:51,726 - INFO - 基金 020640 总页数: 21, 当前页: 1, 当前页行数: 20
2025-11-04 21:35:51,726 - INFO - 基金 020640 已追溯到本地数据，增量爬取结束。
2025-11-04 21:35:51,729 - INFO - 基金 020640 数据已成功保存到本地文件: fund_data/020640.csv
2025-11-04 21:35:51,737 - INFO - 本地已存在基金 021533 数据，共 333 行，最新日期为: 2025-10-30
2025-11-04 21:35:51,738 - INFO - 正在获取基金 021533 的第 1 页数据...
2025-11-04 21:35:51,744 - INFO - 第 1 页: 发现 3 行新数据
2025-11-04 21:35:51,744 - INFO - 基金 020629 总页数: 20, 当前页: 1, 当前页行数: 20
2025-11-04 21:35:51,744 - INFO - 基金 020629 已追溯到本地数据，增量爬取结束。
2025-11-04 21:35:51,748 - INFO - 基金 020629 数据已成功保存到本地文件: fund_data/020629.csv
2025-11-04 21:35:51,755 - INFO - 本地已存在基金 021608 数据，共 312 行，最新日期为: 2025-10-30
2025-11-04 21:35:51,756 - INFO - 正在获取基金 021608 的第 1 页数据...
2025-11-04 21:35:51,775 - INFO - 第 1 页: 发现 3 行新数据
2025-11-04 21:35:51,775 - INFO - 基金 020671 总页数: 21, 当前页: 1, 当前页行数: 20
2025-11-04 21:35:51,776 - INFO - 基金 020671 已追溯到本地数据，增量爬取结束。
2025-11-04 21:35:51,779 - INFO - 基金 020671 数据已成功保存到本地文件: fund_data/020671.csv
2025-11-04 21:35:51,786 - INFO - 本地已存在基金 021719 数据，共 303 行，最新日期为: 2025-10-30
2025-11-04 21:35:51,786 - INFO - 正在获取基金 021719 的第 1 页数据...
2025-11-04 21:35:52,021 - INFO - 第 1 页: 发现 3 行新数据
2025-11-04 21:35:52,021 - INFO - 基金 020840 总页数: 20, 当前页: 1, 当前页行数: 20
2025-11-04 21:35:52,021 - INFO - 基金 020840 已追溯到本地数据，增量爬取结束。
2025-11-04 21:35:52,025 - INFO - 基金 020840 数据已成功保存到本地文件: fund_data/020840.csv
2025-11-04 21:35:52,032 - INFO - 本地已存在基金 021793 数据，共 263 行，最新日期为: 2025-10-30
2025-11-04 21:35:52,032 - INFO - 正在获取基金 021793 的第 1 页数据...
2025-11-04 21:35:52,175 - INFO - 第 1 页: 发现 3 行新数据
2025-11-04 21:35:52,175 - INFO - 基金 021225 总页数: 14, 当前页: 1, 当前页行数: 20
2025-11-04 21:35:52,175 - INFO - 基金 021225 已追溯到本地数据，增量爬取结束。
2025-11-04 21:35:52,179 - INFO - 基金 021225 数据已成功保存到本地文件: fund_data/021225.csv
2025-11-04 21:35:52,186 - INFO - 本地已存在基金 021894 数据，共 222 行，最新日期为: 2025-10-30
2025-11-04 21:35:52,186 - INFO - 正在获取基金 021894 的第 1 页数据...
2025-11-04 21:35:52,423 - INFO - 第 1 页: 发现 3 行新数据
2025-11-04 21:35:52,424 - INFO - 基金 021533 总页数: 17, 当前页: 1, 当前页行数: 20
2025-11-04 21:35:52,424 - INFO - 基金 021533 已追溯到本地数据，增量爬取结束。
2025-11-04 21:35:52,427 - INFO - 基金 021533 数据已成功保存到本地文件: fund_data/021533.csv
2025-11-04 21:35:52,436 - INFO - 本地已存在基金 021938 数据，共 114 行，最新日期为: 2025-10-30
2025-11-04 21:35:52,437 - INFO - 正在获取基金 021938 的第 1 页数据...
2025-11-04 21:35:52,444 - INFO - 第 1 页: 发现 3 行新数据
2025-11-04 21:35:52,444 - INFO - 基金 021719 总页数: 16, 当前页: 1, 当前页行数: 20
2025-11-04 21:35:52,445 - INFO - 基金 021719 已追溯到本地数据，增量爬取结束。
2025-11-04 21:35:52,448 - INFO - 基金 021719 数据已成功保存到本地文件: fund_data/021719.csv
2025-11-04 21:35:52,456 - INFO - 本地已存在基金 022365 数据，共 242 行，最新日期为: 2025-10-30
2025-11-04 21:35:52,456 - INFO - 正在获取基金 022365 的第 1 页数据...
2025-11-04 21:35:52,461 - INFO - 第 1 页: 发现 3 行新数据
2025-11-04 21:35:52,461 - INFO - 基金 021608 总页数: 16, 当前页: 1, 当前页行数: 20
2025-11-04 21:35:52,461 - INFO - 基金 021608 已追溯到本地数据，增量爬取结束。
2025-11-04 21:35:52,464 - INFO - 基金 021608 数据已成功保存到本地文件: fund_data/021608.csv
2025-11-04 21:35:52,471 - INFO - 本地已存在基金 022607 数据，共 233 行，最新日期为: 2025-10-30
2025-11-04 21:35:52,471 - INFO - 正在获取基金 022607 的第 1 页数据...
2025-11-04 21:35:52,782 - INFO - 第 1 页: 发现 3 行新数据
2025-11-04 21:35:52,783 - INFO - 基金 021793 总页数: 14, 当前页: 1, 当前页行数: 20
2025-11-04 21:35:52,783 - INFO - 基金 021793 已追溯到本地数据，增量爬取结束。
2025-11-04 21:35:52,787 - INFO - 基金 021793 数据已成功保存到本地文件: fund_data/021793.csv
2025-11-04 21:35:52,793 - INFO - 本地已存在基金 022726 数据，共 182 行，最新日期为: 2025-10-30
2025-11-04 21:35:52,793 - INFO - 正在获取基金 022726 的第 1 页数据...
2025-11-04 21:35:52,832 - INFO - 第 1 页: 发现 3 行新数据
2025-11-04 21:35:52,832 - INFO - 基金 021894 总页数: 12, 当前页: 1, 当前页行数: 20
2025-11-04 21:35:52,833 - INFO - 基金 021894 已追溯到本地数据，增量爬取结束。
2025-11-04 21:35:52,835 - INFO - 基金 021894 数据已成功保存到本地文件: fund_data/021894.csv
2025-11-04 21:35:52,842 - INFO - 本地已存在基金 023045 数据，共 142 行，最新日期为: 2025-10-30
2025-11-04 21:35:52,842 - INFO - 正在获取基金 023045 的第 1 页数据...
2025-11-04 21:35:53,044 - INFO - 第 1 页: 发现 3 行新数据
2025-11-04 21:35:53,044 - INFO - 基金 021938 总页数: 6, 当前页: 1, 当前页行数: 20
2025-11-04 21:35:53,044 - INFO - 基金 021938 已追溯到本地数据，增量爬取结束。
2025-11-04 21:35:53,047 - INFO - 基金 021938 数据已成功保存到本地文件: fund_data/021938.csv
2025-11-04 21:35:53,054 - INFO - 本地已存在基金 023452 数据，共 157 行，最新日期为: 2025-10-30
2025-11-04 21:35:53,054 - INFO - 正在获取基金 023452 的第 1 页数据...
2025-11-04 21:35:53,097 - INFO - 第 1 页: 发现 3 行新数据
2025-11-04 21:35:53,098 - INFO - 基金 022365 总页数: 13, 当前页: 1, 当前页行数: 20
2025-11-04 21:35:53,098 - INFO - 基金 022365 已追溯到本地数据，增量爬取结束。
2025-11-04 21:35:53,101 - INFO - 基金 022365 数据已成功保存到本地文件: fund_data/022365.csv
2025-11-04 21:35:53,108 - INFO - 本地已存在基金 023567 数据，共 150 行，最新日期为: 2025-10-30
2025-11-04 21:35:53,108 - INFO - 正在获取基金 023567 的第 1 页数据...
2025-11-04 21:35:53,174 - INFO - 第 1 页: 发现 3 行新数据
2025-11-04 21:35:53,174 - INFO - 基金 022607 总页数: 12, 当前页: 1, 当前页行数: 20
2025-11-04 21:35:53,175 - INFO - 基金 022607 已追溯到本地数据，增量爬取结束。
2025-11-04 21:35:53,177 - INFO - 基金 022607 数据已成功保存到本地文件: fund_data/022607.csv
2025-11-04 21:35:53,184 - INFO - 本地已存在基金 023652 数据，共 137 行，最新日期为: 2025-10-30
2025-11-04 21:35:53,184 - INFO - 正在获取基金 023652 的第 1 页数据...
2025-11-04 21:35:53,472 - INFO - 第 1 页: 发现 3 行新数据
2025-11-04 21:35:53,472 - INFO - 基金 022726 总页数: 10, 当前页: 1, 当前页行数: 20
2025-11-04 21:35:53,472 - INFO - 基金 022726 已追溯到本地数据，增量爬取结束。
2025-11-04 21:35:53,475 - INFO - 基金 022726 数据已成功保存到本地文件: fund_data/022726.csv
2025-11-04 21:35:53,482 - INFO - 本地已存在基金 023829 数据，共 110 行，最新日期为: 2025-10-30
2025-11-04 21:35:53,482 - INFO - 正在获取基金 023829 的第 1 页数据...
2025-11-04 21:35:53,514 - INFO - 第 1 页: 发现 3 行新数据
2025-11-04 21:35:53,514 - INFO - 基金 023045 总页数: 8, 当前页: 1, 当前页行数: 20
2025-11-04 21:35:53,514 - INFO - 基金 023045 已追溯到本地数据，增量爬取结束。
2025-11-04 21:35:53,516 - INFO - 基金 023045 数据已成功保存到本地文件: fund_data/023045.csv
2025-11-04 21:35:53,523 - INFO - 本地已存在基金 024070 数据，共 100 行，最新日期为: 2025-10-30
2025-11-04 21:35:53,523 - INFO - 正在获取基金 024070 的第 1 页数据...
2025-11-04 21:35:53,618 - INFO - 第 1 页: 发现 3 行新数据
2025-11-04 21:35:53,619 - INFO - 基金 023452 总页数: 8, 当前页: 1, 当前页行数: 20
2025-11-04 21:35:53,619 - INFO - 基金 023452 已追溯到本地数据，增量爬取结束。
2025-11-04 21:35:53,621 - INFO - 基金 023452 数据已成功保存到本地文件: fund_data/023452.csv
2025-11-04 21:35:53,628 - INFO - 本地已存在基金 024420 数据，共 55 行，最新日期为: 2025-10-30
2025-11-04 21:35:53,628 - INFO - 正在获取基金 024420 的第 1 页数据...
2025-11-04 21:35:53,761 - INFO - 第 1 页: 发现 3 行新数据
2025-11-04 21:35:53,761 - INFO - 基金 023652 总页数: 7, 当前页: 1, 当前页行数: 20
2025-11-04 21:35:53,761 - INFO - 基金 023652 已追溯到本地数据，增量爬取结束。
2025-11-04 21:35:53,764 - INFO - 基金 023652 数据已成功保存到本地文件: fund_data/023652.csv
2025-11-04 21:35:53,771 - INFO - 本地已存在基金 024854 数据，共 37 行，最新日期为: 2025-10-30
2025-11-04 21:35:53,772 - INFO - 正在获取基金 024854 的第 1 页数据...
2025-11-04 21:35:53,777 - INFO - 第 1 页: 发现 3 行新数据
2025-11-04 21:35:53,777 - INFO - 基金 023567 总页数: 8, 当前页: 1, 当前页行数: 20
2025-11-04 21:35:53,778 - INFO - 基金 023567 已追溯到本地数据，增量爬取结束。
2025-11-04 21:35:53,780 - INFO - 基金 023567 数据已成功保存到本地文件: fund_data/023567.csv
2025-11-04 21:35:53,786 - INFO - 本地已存在基金 024975 数据，共 58 行，最新日期为: 2025-10-30
2025-11-04 21:35:53,787 - INFO - 正在获取基金 024975 的第 1 页数据...
2025-11-04 21:35:54,086 - INFO - 第 1 页: 发现 3 行新数据
2025-11-04 21:35:54,086 - INFO - 基金 023829 总页数: 6, 当前页: 1, 当前页行数: 20
2025-11-04 21:35:54,086 - INFO - 基金 023829 已追溯到本地数据，增量爬取结束。
2025-11-04 21:35:54,089 - INFO - 基金 023829 数据已成功保存到本地文件: fund_data/023829.csv
2025-11-04 21:35:54,095 - INFO - 本地已存在基金 025333 数据，共 41 行，最新日期为: 2025-10-30
2025-11-04 21:35:54,096 - INFO - 正在获取基金 025333 的第 1 页数据...
2025-11-04 21:35:54,180 - INFO - 第 1 页: 发现 3 行新数据
2025-11-04 21:35:54,180 - INFO - 基金 024420 总页数: 3, 当前页: 1, 当前页行数: 20
2025-11-04 21:35:54,180 - INFO - 基金 024420 已追溯到本地数据，增量爬取结束。
2025-11-04 21:35:54,183 - INFO - 基金 024420 数据已成功保存到本地文件: fund_data/024420.csv
2025-11-04 21:35:54,190 - INFO - 本地已存在基金 512760 数据，共 1561 行，最新日期为: 2025-10-30
2025-11-04 21:35:54,190 - INFO - 正在获取基金 512760 的第 1 页数据...
2025-11-04 21:35:54,205 - INFO - 第 1 页: 发现 3 行新数据
2025-11-04 21:35:54,205 - INFO - 基金 024070 总页数: 6, 当前页: 1, 当前页行数: 20
2025-11-04 21:35:54,206 - INFO - 基金 024070 已追溯到本地数据，增量爬取结束。
2025-11-04 21:35:54,208 - INFO - 基金 024070 数据已成功保存到本地文件: fund_data/024070.csv
2025-11-04 21:35:54,432 - INFO - 第 1 页: 发现 3 行新数据
2025-11-04 21:35:54,432 - INFO - 基金 024854 总页数: 2, 当前页: 1, 当前页行数: 20
2025-11-04 21:35:54,433 - INFO - 基金 024854 已追溯到本地数据，增量爬取结束。
2025-11-04 21:35:54,435 - INFO - 基金 024854 数据已成功保存到本地文件: fund_data/024854.csv
2025-11-04 21:35:54,465 - INFO - 第 1 页: 发现 3 行新数据
2025-11-04 21:35:54,465 - INFO - 基金 024975 总页数: 4, 当前页: 1, 当前页行数: 20
2025-11-04 21:35:54,466 - INFO - 基金 024975 已追溯到本地数据，增量爬取结束。
2025-11-04 21:35:54,468 - INFO - 基金 024975 数据已成功保存到本地文件: fund_data/024975.csv
2025-11-04 21:35:54,637 - INFO - 第 1 页: 发现 3 行新数据
2025-11-04 21:35:54,637 - INFO - 基金 025333 总页数: 3, 当前页: 1, 当前页行数: 20
2025-11-04 21:35:54,638 - INFO - 基金 025333 已追溯到本地数据，增量爬取结束。
2025-11-04 21:35:54,640 - INFO - 基金 025333 数据已成功保存到本地文件: fund_data/025333.csv
2025-11-04 21:35:54,879 - INFO - 第 1 页: 发现 3 行新数据
2025-11-04 21:35:54,879 - INFO - 基金 512760 总页数: 79, 当前页: 1, 当前页行数: 20
2025-11-04 21:35:54,880 - INFO - 基金 512760 已追溯到本地数据，增量爬取结束。
2025-11-04 21:35:54,884 - INFO - 基金 512760 数据已成功保存到本地文件: fund_data/512760.csv
2025-11-04 21:35:54,890 - INFO - 所有基金数据处理完成。
2025-11-04 21:35:54,890 - INFO - 正在生成市场监控报告...
2025-11-04 21:35:54,906 - INFO - 报告生成完成: market_monitor_report_c.md (过滤后基金数: 95)
2025-11-04 21:35:54,906 - INFO - 脚本执行完成
